{"C:\\Users\\bwales\\projects\\obsidian-plugins\\switchboard\\src\\types.ts": {"path":"C:\\Users\\bwales\\projects\\obsidian-plugins\\switchboard\\src\\types.ts","statementMap":{"0":{"start":{"line":122,"column":53},"end":{"line":138,"column":null}},"1":{"start":{"line":143,"column":39},"end":{"line":154,"column":null}},"2":{"start":{"line":160,"column":4},"end":{"line":160,"column":null}},"3":{"start":{"line":160,"column":31},"end":{"line":160,"column":null}},"4":{"start":{"line":161,"column":4},"end":{"line":164,"column":null}},"5":{"start":{"line":174,"column":4},"end":{"line":174,"column":null}},"6":{"start":{"line":174,"column":15},"end":{"line":174,"column":null}},"7":{"start":{"line":176,"column":23},"end":{"line":176,"column":null}},"8":{"start":{"line":177,"column":4},"end":{"line":177,"column":null}},"9":{"start":{"line":177,"column":35},"end":{"line":177,"column":null}},"10":{"start":{"line":178,"column":4},"end":{"line":178,"column":null}},"11":{"start":{"line":178,"column":69},"end":{"line":178,"column":null}},"12":{"start":{"line":179,"column":4},"end":{"line":179,"column":null}},"13":{"start":{"line":179,"column":36},"end":{"line":179,"column":null}},"14":{"start":{"line":180,"column":4},"end":{"line":180,"column":null}},"15":{"start":{"line":188,"column":4},"end":{"line":188,"column":null}},"16":{"start":{"line":188,"column":15},"end":{"line":188,"column":null}},"17":{"start":{"line":191,"column":16},"end":{"line":191,"column":null}},"18":{"start":{"line":192,"column":4},"end":{"line":192,"column":null}},"19":{"start":{"line":192,"column":55},"end":{"line":192,"column":null}},"20":{"start":{"line":193,"column":4},"end":{"line":193,"column":null}},"21":{"start":{"line":193,"column":29},"end":{"line":193,"column":null}},"22":{"start":{"line":194,"column":10},"end":{"line":194,"column":null}},"23":{"start":{"line":195,"column":4},"end":{"line":195,"column":null}},"24":{"start":{"line":195,"column":35},"end":{"line":195,"column":null}},"25":{"start":{"line":196,"column":4},"end":{"line":196,"column":null}},"26":{"start":{"line":201,"column":4},"end":{"line":201,"column":null}},"27":{"start":{"line":206,"column":4},"end":{"line":206,"column":null}},"28":{"start":{"line":211,"column":18},"end":{"line":211,"column":null}},"29":{"start":{"line":212,"column":4},"end":{"line":212,"column":null}},"30":{"start":{"line":212,"column":16},"end":{"line":212,"column":null}},"31":{"start":{"line":213,"column":14},"end":{"line":213,"column":34}},"32":{"start":{"line":213,"column":38},"end":{"line":213,"column":null}},"33":{"start":{"line":214,"column":4},"end":{"line":214,"column":null}},"34":{"start":{"line":219,"column":14},"end":{"line":219,"column":null}},"35":{"start":{"line":220,"column":4},"end":{"line":220,"column":null}},"36":{"start":{"line":225,"column":4},"end":{"line":225,"column":null}},"37":{"start":{"line":225,"column":22},"end":{"line":225,"column":null}},"38":{"start":{"line":226,"column":18},"end":{"line":226,"column":null}},"39":{"start":{"line":227,"column":17},"end":{"line":227,"column":null}},"40":{"start":{"line":228,"column":4},"end":{"line":228,"column":null}},"41":{"start":{"line":233,"column":19},"end":{"line":233,"column":null}},"42":{"start":{"line":234,"column":19},"end":{"line":234,"column":null}},"43":{"start":{"line":235,"column":19},"end":{"line":235,"column":null}},"44":{"start":{"line":236,"column":4},"end":{"line":236,"column":null}},"45":{"start":{"line":241,"column":18},"end":{"line":241,"column":null}},"46":{"start":{"line":242,"column":4},"end":{"line":242,"column":null}},"47":{"start":{"line":242,"column":16},"end":{"line":242,"column":null}},"48":{"start":{"line":243,"column":12},"end":{"line":243,"column":null}},"49":{"start":{"line":244,"column":14},"end":{"line":244,"column":null}},"50":{"start":{"line":245,"column":19},"end":{"line":245,"column":null}},"51":{"start":{"line":246,"column":4},"end":{"line":246,"column":null}},"52":{"start":{"line":246,"column":44},"end":{"line":246,"column":null}},"53":{"start":{"line":247,"column":4},"end":{"line":248,"column":null}},"54":{"start":{"line":247,"column":37},"end":{"line":247,"column":null}},"55":{"start":{"line":247,"column":41},"end":{"line":248,"column":null}},"56":{"start":{"line":248,"column":42},"end":{"line":248,"column":null}},"57":{"start":{"line":249,"column":4},"end":{"line":249,"column":null}},"58":{"start":{"line":254,"column":4},"end":{"line":254,"column":null}}},"fnMap":{"0":{"name":"generateId","decl":{"start":{"line":159,"column":16},"end":{"line":159,"column":27}},"loc":{"start":{"line":159,"column":49},"end":{"line":165,"column":null}},"line":159},"1":{"name":"validatePath","decl":{"start":{"line":173,"column":16},"end":{"line":173,"column":29}},"loc":{"start":{"line":173,"column":52},"end":{"line":181,"column":null}},"line":173},"2":{"name":"sanitizePath","decl":{"start":{"line":187,"column":16},"end":{"line":187,"column":29}},"loc":{"start":{"line":187,"column":58},"end":{"line":197,"column":null}},"line":187},"3":{"name":"sanitizeFileName","decl":{"start":{"line":200,"column":16},"end":{"line":200,"column":33}},"loc":{"start":{"line":200,"column":55},"end":{"line":202,"column":null}},"line":200},"4":{"name":"isValidHexColor","decl":{"start":{"line":205,"column":16},"end":{"line":205,"column":32}},"loc":{"start":{"line":205,"column":56},"end":{"line":207,"column":null}},"line":205},"5":{"name":"isValidTime","decl":{"start":{"line":210,"column":16},"end":{"line":210,"column":28}},"loc":{"start":{"line":210,"column":51},"end":{"line":215,"column":null}},"line":210},"6":{"name":"isValidDate","decl":{"start":{"line":218,"column":16},"end":{"line":218,"column":28}},"loc":{"start":{"line":218,"column":51},"end":{"line":221,"column":null}},"line":218},"7":{"name":"formatDuration","decl":{"start":{"line":224,"column":16},"end":{"line":224,"column":31}},"loc":{"start":{"line":224,"column":56},"end":{"line":229,"column":null}},"line":224},"8":{"name":"formatTime12h","decl":{"start":{"line":232,"column":16},"end":{"line":232,"column":30}},"loc":{"start":{"line":232,"column":54},"end":{"line":237,"column":null}},"line":232},"9":{"name":"parseTime12h","decl":{"start":{"line":240,"column":16},"end":{"line":240,"column":29}},"loc":{"start":{"line":240,"column":60},"end":{"line":250,"column":null}},"line":240},"10":{"name":"isValidTime12h","decl":{"start":{"line":253,"column":16},"end":{"line":253,"column":31}},"loc":{"start":{"line":253,"column":54},"end":{"line":255,"column":null}},"line":253}},"branchMap":{"0":{"loc":{"start":{"line":160,"column":4},"end":{"line":160,"column":null}},"type":"if","locations":[{"start":{"line":160,"column":4},"end":{"line":160,"column":null}},{"start":{},"end":{}}],"line":160},"1":{"loc":{"start":{"line":160,"column":8},"end":{"line":160,"column":31}},"type":"binary-expr","locations":[{"start":{"line":160,"column":8},"end":{"line":160,"column":17}},{"start":{"line":160,"column":17},"end":{"line":160,"column":31}}],"line":160},"2":{"loc":{"start":{"line":174,"column":4},"end":{"line":174,"column":null}},"type":"if","locations":[{"start":{"line":174,"column":4},"end":{"line":174,"column":null}},{"start":{},"end":{}}],"line":174},"3":{"loc":{"start":{"line":177,"column":4},"end":{"line":177,"column":null}},"type":"if","locations":[{"start":{"line":177,"column":4},"end":{"line":177,"column":null}},{"start":{},"end":{}}],"line":177},"4":{"loc":{"start":{"line":178,"column":4},"end":{"line":178,"column":null}},"type":"if","locations":[{"start":{"line":178,"column":4},"end":{"line":178,"column":null}},{"start":{},"end":{}}],"line":178},"5":{"loc":{"start":{"line":178,"column":8},"end":{"line":178,"column":69}},"type":"binary-expr","locations":[{"start":{"line":178,"column":8},"end":{"line":178,"column":41}},{"start":{"line":178,"column":41},"end":{"line":178,"column":69}}],"line":178},"6":{"loc":{"start":{"line":179,"column":4},"end":{"line":179,"column":null}},"type":"if","locations":[{"start":{"line":179,"column":4},"end":{"line":179,"column":null}},{"start":{},"end":{}}],"line":179},"7":{"loc":{"start":{"line":188,"column":4},"end":{"line":188,"column":null}},"type":"if","locations":[{"start":{"line":188,"column":4},"end":{"line":188,"column":null}},{"start":{},"end":{}}],"line":188},"8":{"loc":{"start":{"line":192,"column":4},"end":{"line":192,"column":null}},"type":"if","locations":[{"start":{"line":192,"column":4},"end":{"line":192,"column":null}},{"start":{},"end":{}}],"line":192},"9":{"loc":{"start":{"line":192,"column":8},"end":{"line":192,"column":55}},"type":"binary-expr","locations":[{"start":{"line":192,"column":8},"end":{"line":192,"column":34}},{"start":{"line":192,"column":34},"end":{"line":192,"column":55}}],"line":192},"10":{"loc":{"start":{"line":193,"column":4},"end":{"line":193,"column":null}},"type":"if","locations":[{"start":{"line":193,"column":4},"end":{"line":193,"column":null}},{"start":{},"end":{}}],"line":193},"11":{"loc":{"start":{"line":195,"column":4},"end":{"line":195,"column":null}},"type":"if","locations":[{"start":{"line":195,"column":4},"end":{"line":195,"column":null}},{"start":{},"end":{}}],"line":195},"12":{"loc":{"start":{"line":212,"column":4},"end":{"line":212,"column":null}},"type":"if","locations":[{"start":{"line":212,"column":4},"end":{"line":212,"column":null}},{"start":{},"end":{}}],"line":212},"13":{"loc":{"start":{"line":214,"column":11},"end":{"line":214,"column":null}},"type":"binary-expr","locations":[{"start":{"line":214,"column":11},"end":{"line":214,"column":21}},{"start":{"line":214,"column":21},"end":{"line":214,"column":32}},{"start":{"line":214,"column":32},"end":{"line":214,"column":42}},{"start":{"line":214,"column":42},"end":{"line":214,"column":null}}],"line":214},"14":{"loc":{"start":{"line":225,"column":4},"end":{"line":225,"column":null}},"type":"if","locations":[{"start":{"line":225,"column":4},"end":{"line":225,"column":null}},{"start":{},"end":{}}],"line":225},"15":{"loc":{"start":{"line":228,"column":11},"end":{"line":228,"column":null}},"type":"cond-expr","locations":[{"start":{"line":228,"column":22},"end":{"line":228,"column":45}},{"start":{"line":228,"column":45},"end":{"line":228,"column":null}}],"line":228},"16":{"loc":{"start":{"line":234,"column":19},"end":{"line":234,"column":null}},"type":"cond-expr","locations":[{"start":{"line":234,"column":29},"end":{"line":234,"column":36}},{"start":{"line":234,"column":36},"end":{"line":234,"column":null}}],"line":234},"17":{"loc":{"start":{"line":235,"column":19},"end":{"line":235,"column":null}},"type":"cond-expr","locations":[{"start":{"line":235,"column":29},"end":{"line":235,"column":34}},{"start":{"line":235,"column":34},"end":{"line":235,"column":null}}],"line":235},"18":{"loc":{"start":{"line":235,"column":34},"end":{"line":235,"column":null}},"type":"cond-expr","locations":[{"start":{"line":235,"column":43},"end":{"line":235,"column":52}},{"start":{"line":235,"column":52},"end":{"line":235,"column":null}}],"line":235},"19":{"loc":{"start":{"line":242,"column":4},"end":{"line":242,"column":null}},"type":"if","locations":[{"start":{"line":242,"column":4},"end":{"line":242,"column":null}},{"start":{},"end":{}}],"line":242},"20":{"loc":{"start":{"line":246,"column":4},"end":{"line":246,"column":null}},"type":"if","locations":[{"start":{"line":246,"column":4},"end":{"line":246,"column":null}},{"start":{},"end":{}}],"line":246},"21":{"loc":{"start":{"line":246,"column":8},"end":{"line":246,"column":44}},"type":"binary-expr","locations":[{"start":{"line":246,"column":8},"end":{"line":246,"column":17}},{"start":{"line":246,"column":17},"end":{"line":246,"column":27}},{"start":{"line":246,"column":27},"end":{"line":246,"column":36}},{"start":{"line":246,"column":36},"end":{"line":246,"column":44}}],"line":246},"22":{"loc":{"start":{"line":247,"column":4},"end":{"line":248,"column":null}},"type":"if","locations":[{"start":{"line":247,"column":4},"end":{"line":248,"column":null}},{"start":{"line":247,"column":41},"end":{"line":248,"column":null}}],"line":247},"23":{"loc":{"start":{"line":247,"column":8},"end":{"line":247,"column":37}},"type":"binary-expr","locations":[{"start":{"line":247,"column":8},"end":{"line":247,"column":27}},{"start":{"line":247,"column":27},"end":{"line":247,"column":37}}],"line":247},"24":{"loc":{"start":{"line":247,"column":41},"end":{"line":248,"column":null}},"type":"if","locations":[{"start":{"line":247,"column":41},"end":{"line":248,"column":null}},{"start":{},"end":{}}],"line":247},"25":{"loc":{"start":{"line":248,"column":13},"end":{"line":248,"column":42}},"type":"binary-expr","locations":[{"start":{"line":248,"column":13},"end":{"line":248,"column":32}},{"start":{"line":248,"column":32},"end":{"line":248,"column":42}}],"line":248}},"s":{"0":7,"1":7,"2":14,"3":4,"4":10,"5":7,"6":1,"7":6,"8":6,"9":1,"10":5,"11":2,"12":3,"13":1,"14":2,"15":17,"16":1,"17":16,"18":16,"19":2,"20":14,"21":3,"22":11,"23":11,"24":0,"25":11,"26":8,"27":4,"28":6,"29":6,"30":1,"31":5,"32":5,"33":5,"34":3,"35":3,"36":15,"37":2,"38":13,"39":13,"40":13,"41":0,"42":0,"43":0,"44":0,"45":0,"46":0,"47":0,"48":0,"49":0,"50":0,"51":0,"52":0,"53":0,"54":0,"55":0,"56":0,"57":0,"58":0},"f":{"0":14,"1":7,"2":17,"3":8,"4":4,"5":6,"6":3,"7":15,"8":0,"9":0,"10":0},"b":{"0":[4,10],"1":[14,12],"2":[1,6],"3":[1,5],"4":[2,3],"5":[5,4],"6":[1,2],"7":[1,16],"8":[2,14],"9":[16,15],"10":[3,11],"11":[0,11],"12":[1,5],"13":[5,5,4,4],"14":[2,13],"15":[12,1],"16":[0,0],"17":[0,0],"18":[0,0],"19":[0,0],"20":[0,0],"21":[0,0,0,0],"22":[0,0],"23":[0,0],"24":[0,0],"25":[0,0]},"meta":{"lastBranch":26,"lastFunction":11,"lastStatement":59,"seen":{"s:122:53:138:Infinity":0,"s:143:39:154:Infinity":1,"f:159:16:159:27":0,"b:160:4:160:Infinity:undefined:undefined:undefined:undefined":0,"s:160:4:160:Infinity":2,"b:160:8:160:17:160:17:160:31":1,"s:160:31:160:Infinity":3,"s:161:4:164:Infinity":4,"f:173:16:173:29":1,"b:174:4:174:Infinity:undefined:undefined:undefined:undefined":2,"s:174:4:174:Infinity":5,"s:174:15:174:Infinity":6,"s:176:23:176:Infinity":7,"b:177:4:177:Infinity:undefined:undefined:undefined:undefined":3,"s:177:4:177:Infinity":8,"s:177:35:177:Infinity":9,"b:178:4:178:Infinity:undefined:undefined:undefined:undefined":4,"s:178:4:178:Infinity":10,"b:178:8:178:41:178:41:178:69":5,"s:178:69:178:Infinity":11,"b:179:4:179:Infinity:undefined:undefined:undefined:undefined":6,"s:179:4:179:Infinity":12,"s:179:36:179:Infinity":13,"s:180:4:180:Infinity":14,"f:187:16:187:29":2,"b:188:4:188:Infinity:undefined:undefined:undefined:undefined":7,"s:188:4:188:Infinity":15,"s:188:15:188:Infinity":16,"s:191:16:191:Infinity":17,"b:192:4:192:Infinity:undefined:undefined:undefined:undefined":8,"s:192:4:192:Infinity":18,"b:192:8:192:34:192:34:192:55":9,"s:192:55:192:Infinity":19,"b:193:4:193:Infinity:undefined:undefined:undefined:undefined":10,"s:193:4:193:Infinity":20,"s:193:29:193:Infinity":21,"s:194:10:194:Infinity":22,"b:195:4:195:Infinity:undefined:undefined:undefined:undefined":11,"s:195:4:195:Infinity":23,"s:195:35:195:Infinity":24,"s:196:4:196:Infinity":25,"f:200:16:200:33":3,"s:201:4:201:Infinity":26,"f:205:16:205:32":4,"s:206:4:206:Infinity":27,"f:210:16:210:28":5,"s:211:18:211:Infinity":28,"b:212:4:212:Infinity:undefined:undefined:undefined:undefined":12,"s:212:4:212:Infinity":29,"s:212:16:212:Infinity":30,"s:213:14:213:34":31,"s:213:38:213:Infinity":32,"s:214:4:214:Infinity":33,"b:214:11:214:21:214:21:214:32:214:32:214:42:214:42:214:Infinity":13,"f:218:16:218:28":6,"s:219:14:219:Infinity":34,"s:220:4:220:Infinity":35,"f:224:16:224:31":7,"b:225:4:225:Infinity:undefined:undefined:undefined:undefined":14,"s:225:4:225:Infinity":36,"s:225:22:225:Infinity":37,"s:226:18:226:Infinity":38,"s:227:17:227:Infinity":39,"s:228:4:228:Infinity":40,"b:228:22:228:45:228:45:228:Infinity":15,"f:232:16:232:30":8,"s:233:19:233:Infinity":41,"s:234:19:234:Infinity":42,"b:234:29:234:36:234:36:234:Infinity":16,"s:235:19:235:Infinity":43,"b:235:29:235:34:235:34:235:Infinity":17,"b:235:43:235:52:235:52:235:Infinity":18,"s:236:4:236:Infinity":44,"f:240:16:240:29":9,"s:241:18:241:Infinity":45,"b:242:4:242:Infinity:undefined:undefined:undefined:undefined":19,"s:242:4:242:Infinity":46,"s:242:16:242:Infinity":47,"s:243:12:243:Infinity":48,"s:244:14:244:Infinity":49,"s:245:19:245:Infinity":50,"b:246:4:246:Infinity:undefined:undefined:undefined:undefined":20,"s:246:4:246:Infinity":51,"b:246:8:246:17:246:17:246:27:246:27:246:36:246:36:246:44":21,"s:246:44:246:Infinity":52,"b:247:4:248:Infinity:247:41:248:Infinity":22,"s:247:4:248:Infinity":53,"b:247:8:247:27:247:27:247:37":23,"s:247:37:247:Infinity":54,"b:247:41:248:Infinity:undefined:undefined:undefined:undefined":24,"s:247:41:248:Infinity":55,"b:248:13:248:32:248:32:248:42":25,"s:248:42:248:Infinity":56,"s:249:4:249:Infinity":57,"f:253:16:253:31":10,"s:254:4:254:Infinity":58}}}
,"C:\\Users\\bwales\\projects\\obsidian-plugins\\switchboard\\src\\modals\\IncomingCallModal.ts": {"path":"C:\\Users\\bwales\\projects\\obsidian-plugins\\switchboard\\src\\modals\\IncomingCallModal.ts","statementMap":{"0":{"start":{"line":37,"column":8},"end":{"line":37,"column":null}},"1":{"start":{"line":28,"column":4},"end":{"line":28,"column":null}},"2":{"start":{"line":29,"column":4},"end":{"line":29,"column":null}},"3":{"start":{"line":38,"column":8},"end":{"line":38,"column":null}},"4":{"start":{"line":39,"column":8},"end":{"line":39,"column":null}},"5":{"start":{"line":40,"column":8},"end":{"line":40,"column":null}},"6":{"start":{"line":45,"column":39},"end":{"line":45,"column":null}},"7":{"start":{"line":48,"column":8},"end":{"line":48,"column":null}},"8":{"start":{"line":51,"column":8},"end":{"line":51,"column":null}},"9":{"start":{"line":54,"column":25},"end":{"line":54,"column":null}},"10":{"start":{"line":55,"column":8},"end":{"line":55,"column":null}},"11":{"start":{"line":56,"column":8},"end":{"line":56,"column":null}},"12":{"start":{"line":59,"column":23},"end":{"line":59,"column":null}},"13":{"start":{"line":60,"column":25},"end":{"line":60,"column":null}},"14":{"start":{"line":61,"column":8},"end":{"line":61,"column":null}},"15":{"start":{"line":64,"column":23},"end":{"line":64,"column":null}},"16":{"start":{"line":65,"column":8},"end":{"line":65,"column":null}},"17":{"start":{"line":67,"column":24},"end":{"line":67,"column":null}},"18":{"start":{"line":68,"column":8},"end":{"line":68,"column":null}},"19":{"start":{"line":70,"column":8},"end":{"line":73,"column":null}},"20":{"start":{"line":71,"column":29},"end":{"line":71,"column":null}},"21":{"start":{"line":72,"column":12},"end":{"line":72,"column":null}},"22":{"start":{"line":76,"column":26},"end":{"line":76,"column":null}},"23":{"start":{"line":79,"column":27},"end":{"line":81,"column":null}},"24":{"start":{"line":82,"column":8},"end":{"line":82,"column":null}},"25":{"start":{"line":83,"column":8},"end":{"line":88,"column":null}},"26":{"start":{"line":84,"column":12},"end":{"line":84,"column":null}},"27":{"start":{"line":84,"column":34},"end":{"line":84,"column":null}},"28":{"start":{"line":85,"column":12},"end":{"line":85,"column":null}},"29":{"start":{"line":86,"column":12},"end":{"line":86,"column":null}},"30":{"start":{"line":87,"column":12},"end":{"line":87,"column":null}},"31":{"start":{"line":91,"column":30},"end":{"line":91,"column":null}},"32":{"start":{"line":93,"column":24},"end":{"line":95,"column":null}},"33":{"start":{"line":96,"column":8},"end":{"line":96,"column":null}},"34":{"start":{"line":97,"column":8},"end":{"line":102,"column":null}},"35":{"start":{"line":98,"column":12},"end":{"line":98,"column":null}},"36":{"start":{"line":98,"column":34},"end":{"line":98,"column":null}},"37":{"start":{"line":99,"column":12},"end":{"line":99,"column":null}},"38":{"start":{"line":100,"column":12},"end":{"line":100,"column":null}},"39":{"start":{"line":101,"column":12},"end":{"line":101,"column":null}},"40":{"start":{"line":105,"column":29},"end":{"line":107,"column":null}},"41":{"start":{"line":108,"column":8},"end":{"line":108,"column":null}},"42":{"start":{"line":109,"column":8},"end":{"line":109,"column":null}},"43":{"start":{"line":110,"column":8},"end":{"line":110,"column":null}},"44":{"start":{"line":111,"column":8},"end":{"line":111,"column":null}},"45":{"start":{"line":112,"column":8},"end":{"line":112,"column":null}},"46":{"start":{"line":114,"column":8},"end":{"line":118,"column":null}},"47":{"start":{"line":115,"column":28},"end":{"line":115,"column":null}},"48":{"start":{"line":116,"column":12},"end":{"line":116,"column":null}},"49":{"start":{"line":117,"column":12},"end":{"line":117,"column":null}},"50":{"start":{"line":121,"column":27},"end":{"line":123,"column":null}},"51":{"start":{"line":124,"column":8},"end":{"line":124,"column":null}},"52":{"start":{"line":127,"column":33},"end":{"line":127,"column":null}},"53":{"start":{"line":129,"column":8},"end":{"line":143,"column":null}},"54":{"start":{"line":130,"column":12},"end":{"line":142,"column":null}},"55":{"start":{"line":132,"column":16},"end":{"line":132,"column":null}},"56":{"start":{"line":132,"column":38},"end":{"line":132,"column":null}},"57":{"start":{"line":133,"column":16},"end":{"line":133,"column":null}},"58":{"start":{"line":134,"column":16},"end":{"line":134,"column":null}},"59":{"start":{"line":135,"column":16},"end":{"line":135,"column":null}},"60":{"start":{"line":138,"column":16},"end":{"line":138,"column":null}},"61":{"start":{"line":139,"column":16},"end":{"line":139,"column":null}},"62":{"start":{"line":140,"column":16},"end":{"line":140,"column":null}},"63":{"start":{"line":141,"column":16},"end":{"line":141,"column":null}},"64":{"start":{"line":146,"column":8},"end":{"line":146,"column":null}},"65":{"start":{"line":154,"column":29},"end":{"line":156,"column":null}},"66":{"start":{"line":157,"column":8},"end":{"line":157,"column":null}},"67":{"start":{"line":158,"column":8},"end":{"line":163,"column":null}},"68":{"start":{"line":159,"column":12},"end":{"line":159,"column":null}},"69":{"start":{"line":159,"column":34},"end":{"line":159,"column":null}},"70":{"start":{"line":160,"column":12},"end":{"line":160,"column":null}},"71":{"start":{"line":161,"column":12},"end":{"line":161,"column":null}},"72":{"start":{"line":162,"column":12},"end":{"line":162,"column":null}},"73":{"start":{"line":166,"column":27},"end":{"line":168,"column":null}},"74":{"start":{"line":169,"column":8},"end":{"line":169,"column":null}},"75":{"start":{"line":170,"column":8},"end":{"line":175,"column":null}},"76":{"start":{"line":171,"column":12},"end":{"line":171,"column":null}},"77":{"start":{"line":171,"column":34},"end":{"line":171,"column":null}},"78":{"start":{"line":172,"column":12},"end":{"line":172,"column":null}},"79":{"start":{"line":173,"column":12},"end":{"line":173,"column":null}},"80":{"start":{"line":174,"column":12},"end":{"line":174,"column":null}},"81":{"start":{"line":178,"column":28},"end":{"line":180,"column":null}},"82":{"start":{"line":181,"column":8},"end":{"line":181,"column":null}},"83":{"start":{"line":182,"column":8},"end":{"line":193,"column":null}},"84":{"start":{"line":183,"column":12},"end":{"line":183,"column":null}},"85":{"start":{"line":183,"column":34},"end":{"line":183,"column":null}},"86":{"start":{"line":184,"column":12},"end":{"line":184,"column":null}},"87":{"start":{"line":186,"column":24},"end":{"line":186,"column":null}},"88":{"start":{"line":187,"column":32},"end":{"line":187,"column":null}},"89":{"start":{"line":188,"column":12},"end":{"line":188,"column":null}},"90":{"start":{"line":189,"column":12},"end":{"line":189,"column":null}},"91":{"start":{"line":190,"column":41},"end":{"line":190,"column":null}},"92":{"start":{"line":191,"column":12},"end":{"line":191,"column":null}},"93":{"start":{"line":192,"column":12},"end":{"line":192,"column":null}},"94":{"start":{"line":198,"column":30},"end":{"line":198,"column":null}},"95":{"start":{"line":199,"column":8},"end":{"line":199,"column":null}},"96":{"start":{"line":206,"column":8},"end":{"line":206,"column":null}}},"fnMap":{"0":{"name":"(anonymous_0)","decl":{"start":{"line":31,"column":4},"end":{"line":31,"column":null}},"loc":{"start":{"line":36,"column":6},"end":{"line":41,"column":null}},"line":36},"1":{"name":"(anonymous_1)","decl":{"start":{"line":44,"column":4},"end":{"line":44,"column":13}},"loc":{"start":{"line":44,"column":13},"end":{"line":147,"column":null}},"line":44},"2":{"name":"(anonymous_2)","decl":{"start":{"line":83,"column":45},"end":{"line":83,"column":51}},"loc":{"start":{"line":83,"column":51},"end":{"line":88,"column":9}},"line":83},"3":{"name":"(anonymous_3)","decl":{"start":{"line":97,"column":42},"end":{"line":97,"column":48}},"loc":{"start":{"line":97,"column":48},"end":{"line":102,"column":9}},"line":97},"4":{"name":"(anonymous_4)","decl":{"start":{"line":114,"column":48},"end":{"line":114,"column":54}},"loc":{"start":{"line":114,"column":54},"end":{"line":118,"column":9}},"line":114},"5":{"name":"(anonymous_5)","decl":{"start":{"line":129,"column":45},"end":{"line":129,"column":51}},"loc":{"start":{"line":129,"column":51},"end":{"line":143,"column":9}},"line":129},"6":{"name":"(anonymous_6)","decl":{"start":{"line":152,"column":12},"end":{"line":152,"column":33}},"loc":{"start":{"line":152,"column":96},"end":{"line":194,"column":null}},"line":152},"7":{"name":"(anonymous_7)","decl":{"start":{"line":158,"column":47},"end":{"line":158,"column":53}},"loc":{"start":{"line":158,"column":53},"end":{"line":163,"column":9}},"line":158},"8":{"name":"(anonymous_8)","decl":{"start":{"line":170,"column":45},"end":{"line":170,"column":51}},"loc":{"start":{"line":170,"column":51},"end":{"line":175,"column":9}},"line":170},"9":{"name":"(anonymous_9)","decl":{"start":{"line":182,"column":46},"end":{"line":182,"column":52}},"loc":{"start":{"line":182,"column":52},"end":{"line":193,"column":9}},"line":182},"10":{"name":"(anonymous_10)","decl":{"start":{"line":197,"column":4},"end":{"line":197,"column":14}},"loc":{"start":{"line":197,"column":14},"end":{"line":200,"column":null}},"line":197},"11":{"name":"(anonymous_11)","decl":{"start":{"line":205,"column":12},"end":{"line":205,"column":23}},"loc":{"start":{"line":205,"column":43},"end":{"line":207,"column":null}},"line":205}},"branchMap":{"0":{"loc":{"start":{"line":70,"column":8},"end":{"line":73,"column":null}},"type":"if","locations":[{"start":{"line":70,"column":8},"end":{"line":73,"column":null}},{"start":{},"end":{}}],"line":70},"1":{"loc":{"start":{"line":71,"column":29},"end":{"line":71,"column":null}},"type":"binary-expr","locations":[{"start":{"line":71,"column":29},"end":{"line":71,"column":72}},{"start":{"line":71,"column":72},"end":{"line":71,"column":null}}],"line":71},"2":{"loc":{"start":{"line":84,"column":12},"end":{"line":84,"column":null}},"type":"if","locations":[{"start":{"line":84,"column":12},"end":{"line":84,"column":null}},{"start":{},"end":{}}],"line":84},"3":{"loc":{"start":{"line":98,"column":12},"end":{"line":98,"column":null}},"type":"if","locations":[{"start":{"line":98,"column":12},"end":{"line":98,"column":null}},{"start":{},"end":{}}],"line":98},"4":{"loc":{"start":{"line":130,"column":12},"end":{"line":142,"column":null}},"type":"if","locations":[{"start":{"line":130,"column":12},"end":{"line":142,"column":null}},{"start":{"line":136,"column":19},"end":{"line":142,"column":null}}],"line":130},"5":{"loc":{"start":{"line":132,"column":16},"end":{"line":132,"column":null}},"type":"if","locations":[{"start":{"line":132,"column":16},"end":{"line":132,"column":null}},{"start":{},"end":{}}],"line":132},"6":{"loc":{"start":{"line":159,"column":12},"end":{"line":159,"column":null}},"type":"if","locations":[{"start":{"line":159,"column":12},"end":{"line":159,"column":null}},{"start":{},"end":{}}],"line":159},"7":{"loc":{"start":{"line":171,"column":12},"end":{"line":171,"column":null}},"type":"if","locations":[{"start":{"line":171,"column":12},"end":{"line":171,"column":null}},{"start":{},"end":{}}],"line":171},"8":{"loc":{"start":{"line":183,"column":12},"end":{"line":183,"column":null}},"type":"if","locations":[{"start":{"line":183,"column":12},"end":{"line":183,"column":null}},{"start":{},"end":{}}],"line":183}},"s":{"0":0,"1":0,"2":0,"3":0,"4":0,"5":0,"6":0,"7":0,"8":0,"9":0,"10":0,"11":0,"12":0,"13":0,"14":0,"15":0,"16":0,"17":0,"18":0,"19":0,"20":0,"21":0,"22":0,"23":0,"24":0,"25":0,"26":0,"27":0,"28":0,"29":0,"30":0,"31":0,"32":0,"33":0,"34":0,"35":0,"36":0,"37":0,"38":0,"39":0,"40":0,"41":0,"42":0,"43":0,"44":0,"45":0,"46":0,"47":0,"48":0,"49":0,"50":0,"51":0,"52":0,"53":0,"54":0,"55":0,"56":0,"57":0,"58":0,"59":0,"60":0,"61":0,"62":0,"63":0,"64":0,"65":0,"66":0,"67":0,"68":0,"69":0,"70":0,"71":0,"72":0,"73":0,"74":0,"75":0,"76":0,"77":0,"78":0,"79":0,"80":0,"81":0,"82":0,"83":0,"84":0,"85":0,"86":0,"87":0,"88":0,"89":0,"90":0,"91":0,"92":0,"93":0,"94":0,"95":0,"96":0},"f":{"0":0,"1":0,"2":0,"3":0,"4":0,"5":0,"6":0,"7":0,"8":0,"9":0,"10":0,"11":0},"b":{"0":[0,0],"1":[0,0],"2":[0,0],"3":[0,0],"4":[0,0],"5":[0,0],"6":[0,0],"7":[0,0],"8":[0,0]},"meta":{"lastBranch":9,"lastFunction":12,"lastStatement":97,"seen":{"f:31:4:31:Infinity":0,"s:37:8:37:Infinity":0,"s:28:4:28:Infinity":1,"s:29:4:29:Infinity":2,"s:38:8:38:Infinity":3,"s:39:8:39:Infinity":4,"s:40:8:40:Infinity":5,"f:44:4:44:13":1,"s:45:39:45:Infinity":6,"s:48:8:48:Infinity":7,"s:51:8:51:Infinity":8,"s:54:25:54:Infinity":9,"s:55:8:55:Infinity":10,"s:56:8:56:Infinity":11,"s:59:23:59:Infinity":12,"s:60:25:60:Infinity":13,"s:61:8:61:Infinity":14,"s:64:23:64:Infinity":15,"s:65:8:65:Infinity":16,"s:67:24:67:Infinity":17,"s:68:8:68:Infinity":18,"b:70:8:73:Infinity:undefined:undefined:undefined:undefined":0,"s:70:8:73:Infinity":19,"s:71:29:71:Infinity":20,"b:71:29:71:72:71:72:71:Infinity":1,"s:72:12:72:Infinity":21,"s:76:26:76:Infinity":22,"s:79:27:81:Infinity":23,"s:82:8:82:Infinity":24,"s:83:8:88:Infinity":25,"f:83:45:83:51":2,"b:84:12:84:Infinity:undefined:undefined:undefined:undefined":2,"s:84:12:84:Infinity":26,"s:84:34:84:Infinity":27,"s:85:12:85:Infinity":28,"s:86:12:86:Infinity":29,"s:87:12:87:Infinity":30,"s:91:30:91:Infinity":31,"s:93:24:95:Infinity":32,"s:96:8:96:Infinity":33,"s:97:8:102:Infinity":34,"f:97:42:97:48":3,"b:98:12:98:Infinity:undefined:undefined:undefined:undefined":3,"s:98:12:98:Infinity":35,"s:98:34:98:Infinity":36,"s:99:12:99:Infinity":37,"s:100:12:100:Infinity":38,"s:101:12:101:Infinity":39,"s:105:29:107:Infinity":40,"s:108:8:108:Infinity":41,"s:109:8:109:Infinity":42,"s:110:8:110:Infinity":43,"s:111:8:111:Infinity":44,"s:112:8:112:Infinity":45,"s:114:8:118:Infinity":46,"f:114:48:114:54":4,"s:115:28:115:Infinity":47,"s:116:12:116:Infinity":48,"s:117:12:117:Infinity":49,"s:121:27:123:Infinity":50,"s:124:8:124:Infinity":51,"s:127:33:127:Infinity":52,"s:129:8:143:Infinity":53,"f:129:45:129:51":5,"b:130:12:142:Infinity:136:19:142:Infinity":4,"s:130:12:142:Infinity":54,"b:132:16:132:Infinity:undefined:undefined:undefined:undefined":5,"s:132:16:132:Infinity":55,"s:132:38:132:Infinity":56,"s:133:16:133:Infinity":57,"s:134:16:134:Infinity":58,"s:135:16:135:Infinity":59,"s:138:16:138:Infinity":60,"s:139:16:139:Infinity":61,"s:140:16:140:Infinity":62,"s:141:16:141:Infinity":63,"s:146:8:146:Infinity":64,"f:152:12:152:33":6,"s:154:29:156:Infinity":65,"s:157:8:157:Infinity":66,"s:158:8:163:Infinity":67,"f:158:47:158:53":7,"b:159:12:159:Infinity:undefined:undefined:undefined:undefined":6,"s:159:12:159:Infinity":68,"s:159:34:159:Infinity":69,"s:160:12:160:Infinity":70,"s:161:12:161:Infinity":71,"s:162:12:162:Infinity":72,"s:166:27:168:Infinity":73,"s:169:8:169:Infinity":74,"s:170:8:175:Infinity":75,"f:170:45:170:51":8,"b:171:12:171:Infinity:undefined:undefined:undefined:undefined":7,"s:171:12:171:Infinity":76,"s:171:34:171:Infinity":77,"s:172:12:172:Infinity":78,"s:173:12:173:Infinity":79,"s:174:12:174:Infinity":80,"s:178:28:180:Infinity":81,"s:181:8:181:Infinity":82,"s:182:8:193:Infinity":83,"f:182:46:182:52":9,"b:183:12:183:Infinity:undefined:undefined:undefined:undefined":8,"s:183:12:183:Infinity":84,"s:183:34:183:Infinity":85,"s:184:12:184:Infinity":86,"s:186:24:186:Infinity":87,"s:187:32:187:Infinity":88,"s:188:12:188:Infinity":89,"s:189:12:189:Infinity":90,"s:190:41:190:Infinity":91,"s:191:12:191:Infinity":92,"s:192:12:192:Infinity":93,"f:197:4:197:14":10,"s:198:30:198:Infinity":94,"s:199:8:199:Infinity":95,"f:205:12:205:23":11,"s:206:8:206:Infinity":96}}}
,"C:\\Users\\bwales\\projects\\obsidian-plugins\\switchboard\\src\\services\\CircuitManager.ts": {"path":"C:\\Users\\bwales\\projects\\obsidian-plugins\\switchboard\\src\\services\\CircuitManager.ts","statementMap":{"0":{"start":{"line":16,"column":4},"end":{"line":16,"column":null}},"1":{"start":{"line":17,"column":4},"end":{"line":17,"column":null}},"2":{"start":{"line":20,"column":8},"end":{"line":20,"column":null}},"3":{"start":{"line":30,"column":8},"end":{"line":52,"column":null}},"4":{"start":{"line":32,"column":12},"end":{"line":32,"column":null}},"5":{"start":{"line":35,"column":12},"end":{"line":35,"column":null}},"6":{"start":{"line":36,"column":12},"end":{"line":36,"column":null}},"7":{"start":{"line":39,"column":12},"end":{"line":39,"column":null}},"8":{"start":{"line":40,"column":12},"end":{"line":40,"column":null}},"9":{"start":{"line":41,"column":12},"end":{"line":41,"column":null}},"10":{"start":{"line":42,"column":12},"end":{"line":42,"column":null}},"11":{"start":{"line":45,"column":12},"end":{"line":47,"column":null}},"12":{"start":{"line":46,"column":16},"end":{"line":46,"column":null}},"13":{"start":{"line":49,"column":12},"end":{"line":49,"column":null}},"14":{"start":{"line":51,"column":12},"end":{"line":51,"column":null}},"15":{"start":{"line":62,"column":24},"end":{"line":62,"column":null}},"16":{"start":{"line":63,"column":8},"end":{"line":67,"column":null}},"17":{"start":{"line":64,"column":12},"end":{"line":66,"column":null}},"18":{"start":{"line":65,"column":16},"end":{"line":65,"column":null}},"19":{"start":{"line":70,"column":8},"end":{"line":73,"column":null}},"20":{"start":{"line":71,"column":12},"end":{"line":71,"column":null}},"21":{"start":{"line":72,"column":12},"end":{"line":72,"column":null}},"22":{"start":{"line":76,"column":30},"end":{"line":76,"column":null}},"23":{"start":{"line":77,"column":8},"end":{"line":79,"column":null}},"24":{"start":{"line":78,"column":12},"end":{"line":78,"column":null}},"25":{"start":{"line":81,"column":8},"end":{"line":81,"column":null}},"26":{"start":{"line":88,"column":8},"end":{"line":127,"column":null}},"27":{"start":{"line":90,"column":13},"end":{"line":90,"column":null}},"28":{"start":{"line":92,"column":33},"end":{"line":92,"column":null}},"29":{"start":{"line":93,"column":12},"end":{"line":96,"column":null}},"30":{"start":{"line":94,"column":16},"end":{"line":94,"column":null}},"31":{"start":{"line":95,"column":16},"end":{"line":95,"column":null}},"32":{"start":{"line":99,"column":33},"end":{"line":99,"column":null}},"33":{"start":{"line":100,"column":12},"end":{"line":103,"column":null}},"34":{"start":{"line":101,"column":16},"end":{"line":101,"column":null}},"35":{"start":{"line":102,"column":16},"end":{"line":102,"column":null}},"36":{"start":{"line":106,"column":12},"end":{"line":121,"column":null}},"37":{"start":{"line":107,"column":16},"end":{"line":107,"column":null}},"38":{"start":{"line":107,"column":31},"end":{"line":107,"column":null}},"39":{"start":{"line":110,"column":33},"end":{"line":110,"column":null}},"40":{"start":{"line":111,"column":34},"end":{"line":111,"column":null}},"41":{"start":{"line":113,"column":16},"end":{"line":120,"column":null}},"42":{"start":{"line":114,"column":20},"end":{"line":114,"column":null}},"43":{"start":{"line":115,"column":33},"end":{"line":115,"column":null}},"44":{"start":{"line":117,"column":20},"end":{"line":119,"column":null}},"45":{"start":{"line":118,"column":25},"end":{"line":118,"column":null}},"46":{"start":{"line":123,"column":12},"end":{"line":123,"column":null}},"47":{"start":{"line":126,"column":12},"end":{"line":126,"column":null}},"48":{"start":{"line":134,"column":34},"end":{"line":134,"column":null}},"49":{"start":{"line":136,"column":8},"end":{"line":165,"column":null}},"50":{"start":{"line":177,"column":8},"end":{"line":179,"column":null}},"51":{"start":{"line":178,"column":12},"end":{"line":178,"column":null}},"52":{"start":{"line":181,"column":36},"end":{"line":181,"column":null}},"53":{"start":{"line":183,"column":8},"end":{"line":201,"column":null}},"54":{"start":{"line":184,"column":12},"end":{"line":184,"column":null}},"55":{"start":{"line":184,"column":23},"end":{"line":184,"column":null}},"56":{"start":{"line":187,"column":32},"end":{"line":187,"column":null}},"57":{"start":{"line":191,"column":12},"end":{"line":200,"column":null}},"58":{"start":{"line":203,"column":8},"end":{"line":203,"column":null}},"59":{"start":{"line":210,"column":20},"end":{"line":210,"column":null}},"60":{"start":{"line":211,"column":20},"end":{"line":211,"column":null}},"61":{"start":{"line":212,"column":18},"end":{"line":212,"column":null}},"62":{"start":{"line":213,"column":18},"end":{"line":213,"column":null}},"63":{"start":{"line":214,"column":18},"end":{"line":214,"column":null}},"64":{"start":{"line":215,"column":8},"end":{"line":215,"column":null}},"65":{"start":{"line":222,"column":8},"end":{"line":222,"column":null}}},"fnMap":{"0":{"name":"(anonymous_0)","decl":{"start":{"line":19,"column":4},"end":{"line":19,"column":16}},"loc":{"start":{"line":19,"column":26},"end":{"line":21,"column":null}},"line":19},"1":{"name":"(anonymous_1)","decl":{"start":{"line":29,"column":4},"end":{"line":29,"column":13}},"loc":{"start":{"line":29,"column":72},"end":{"line":53,"column":null}},"line":29},"2":{"name":"(anonymous_2)","decl":{"start":{"line":60,"column":4},"end":{"line":60,"column":23}},"loc":{"start":{"line":60,"column":23},"end":{"line":82,"column":null}},"line":60},"3":{"name":"(anonymous_3)","decl":{"start":{"line":87,"column":12},"end":{"line":87,"column":25}},"loc":{"start":{"line":87,"column":52},"end":{"line":128,"column":null}},"line":87},"4":{"name":"(anonymous_4)","decl":{"start":{"line":133,"column":12},"end":{"line":133,"column":24}},"loc":{"start":{"line":133,"column":55},"end":{"line":170,"column":null}},"line":133},"5":{"name":"(anonymous_5)","decl":{"start":{"line":176,"column":12},"end":{"line":176,"column":38}},"loc":{"start":{"line":176,"column":83},"end":{"line":204,"column":null}},"line":176},"6":{"name":"(anonymous_6)","decl":{"start":{"line":209,"column":12},"end":{"line":209,"column":29}},"loc":{"start":{"line":209,"column":67},"end":{"line":216,"column":null}},"line":209},"7":{"name":"(anonymous_7)","decl":{"start":{"line":221,"column":4},"end":{"line":221,"column":24}},"loc":{"start":{"line":221,"column":24},"end":{"line":223,"column":null}},"line":221}},"branchMap":{"0":{"loc":{"start":{"line":29,"column":36},"end":{"line":29,"column":72}},"type":"default-arg","locations":[{"start":{"line":29,"column":60},"end":{"line":29,"column":72}}],"line":29},"1":{"loc":{"start":{"line":45,"column":12},"end":{"line":47,"column":null}},"type":"if","locations":[{"start":{"line":45,"column":12},"end":{"line":47,"column":null}},{"start":{},"end":{}}],"line":45},"2":{"loc":{"start":{"line":64,"column":12},"end":{"line":66,"column":null}},"type":"if","locations":[{"start":{"line":64,"column":12},"end":{"line":66,"column":null}},{"start":{},"end":{}}],"line":64},"3":{"loc":{"start":{"line":70,"column":8},"end":{"line":73,"column":null}},"type":"if","locations":[{"start":{"line":70,"column":8},"end":{"line":73,"column":null}},{"start":{},"end":{}}],"line":70},"4":{"loc":{"start":{"line":77,"column":8},"end":{"line":79,"column":null}},"type":"if","locations":[{"start":{"line":77,"column":8},"end":{"line":79,"column":null}},{"start":{},"end":{}}],"line":77},"5":{"loc":{"start":{"line":93,"column":12},"end":{"line":96,"column":null}},"type":"if","locations":[{"start":{"line":93,"column":12},"end":{"line":96,"column":null}},{"start":{},"end":{}}],"line":93},"6":{"loc":{"start":{"line":100,"column":12},"end":{"line":103,"column":null}},"type":"if","locations":[{"start":{"line":100,"column":12},"end":{"line":103,"column":null}},{"start":{},"end":{}}],"line":100},"7":{"loc":{"start":{"line":107,"column":16},"end":{"line":107,"column":null}},"type":"if","locations":[{"start":{"line":107,"column":16},"end":{"line":107,"column":null}},{"start":{},"end":{}}],"line":107},"8":{"loc":{"start":{"line":114,"column":34},"end":{"line":114,"column":null}},"type":"cond-expr","locations":[{"start":{"line":114,"column":48},"end":{"line":114,"column":78}},{"start":{"line":114,"column":78},"end":{"line":114,"column":null}}],"line":114},"9":{"loc":{"start":{"line":117,"column":20},"end":{"line":119,"column":null}},"type":"if","locations":[{"start":{"line":117,"column":20},"end":{"line":119,"column":null}},{"start":{},"end":{}}],"line":117},"10":{"loc":{"start":{"line":117,"column":24},"end":{"line":117,"column":60}},"type":"binary-expr","locations":[{"start":{"line":117,"column":24},"end":{"line":117,"column":33}},{"start":{"line":117,"column":33},"end":{"line":117,"column":60}}],"line":117},"11":{"loc":{"start":{"line":177,"column":8},"end":{"line":179,"column":null}},"type":"if","locations":[{"start":{"line":177,"column":8},"end":{"line":179,"column":null}},{"start":{},"end":{}}],"line":177},"12":{"loc":{"start":{"line":177,"column":12},"end":{"line":177,"column":81}},"type":"binary-expr","locations":[{"start":{"line":177,"column":12},"end":{"line":177,"column":39}},{"start":{"line":177,"column":39},"end":{"line":177,"column":65}},{"start":{"line":177,"column":65},"end":{"line":177,"column":81}}],"line":177},"13":{"loc":{"start":{"line":184,"column":12},"end":{"line":184,"column":null}},"type":"if","locations":[{"start":{"line":184,"column":12},"end":{"line":184,"column":null}},{"start":{},"end":{}}],"line":184}},"s":{"0":8,"1":8,"2":8,"3":8,"4":8,"5":8,"6":8,"7":8,"8":8,"9":8,"10":8,"11":8,"12":1,"13":8,"14":0,"15":10,"16":10,"17":4,"18":4,"19":10,"20":2,"21":2,"22":10,"23":10,"24":0,"25":10,"26":1,"27":1,"28":1,"29":1,"30":1,"31":1,"32":0,"33":0,"34":0,"35":0,"36":0,"37":0,"38":0,"39":0,"40":0,"41":0,"42":0,"43":0,"44":0,"45":0,"46":0,"47":0,"48":8,"49":8,"50":8,"51":0,"52":8,"53":8,"54":8,"55":0,"56":8,"57":8,"58":8,"59":8,"60":8,"61":8,"62":8,"63":8,"64":8,"65":0},"f":{"0":8,"1":8,"2":10,"3":1,"4":8,"5":8,"6":8,"7":0},"b":{"0":[8],"1":[1,7],"2":[4,0],"3":[2,8],"4":[0,10],"5":[1,0],"6":[0,0],"7":[0,0],"8":[0,0],"9":[0,0],"10":[0,0],"11":[0,8],"12":[8,8,8],"13":[0,8]},"meta":{"lastBranch":14,"lastFunction":8,"lastStatement":66,"seen":{"f:19:4:19:16":0,"s:16:4:16:Infinity":0,"s:17:4:17:Infinity":1,"s:20:8:20:Infinity":2,"f:29:4:29:13":1,"b:29:60:29:72":0,"s:30:8:52:Infinity":3,"s:32:12:32:Infinity":4,"s:35:12:35:Infinity":5,"s:36:12:36:Infinity":6,"s:39:12:39:Infinity":7,"s:40:12:40:Infinity":8,"s:41:12:41:Infinity":9,"s:42:12:42:Infinity":10,"b:45:12:47:Infinity:undefined:undefined:undefined:undefined":1,"s:45:12:47:Infinity":11,"s:46:16:46:Infinity":12,"s:49:12:49:Infinity":13,"s:51:12:51:Infinity":14,"f:60:4:60:23":2,"s:62:24:62:Infinity":15,"s:63:8:67:Infinity":16,"b:64:12:66:Infinity:undefined:undefined:undefined:undefined":2,"s:64:12:66:Infinity":17,"s:65:16:65:Infinity":18,"b:70:8:73:Infinity:undefined:undefined:undefined:undefined":3,"s:70:8:73:Infinity":19,"s:71:12:71:Infinity":20,"s:72:12:72:Infinity":21,"s:76:30:76:Infinity":22,"b:77:8:79:Infinity:undefined:undefined:undefined:undefined":4,"s:77:8:79:Infinity":23,"s:78:12:78:Infinity":24,"s:81:8:81:Infinity":25,"f:87:12:87:25":3,"s:88:8:127:Infinity":26,"s:90:13:90:Infinity":27,"s:92:33:92:Infinity":28,"b:93:12:96:Infinity:undefined:undefined:undefined:undefined":5,"s:93:12:96:Infinity":29,"s:94:16:94:Infinity":30,"s:95:16:95:Infinity":31,"s:99:33:99:Infinity":32,"b:100:12:103:Infinity:undefined:undefined:undefined:undefined":6,"s:100:12:103:Infinity":33,"s:101:16:101:Infinity":34,"s:102:16:102:Infinity":35,"s:106:12:121:Infinity":36,"b:107:16:107:Infinity:undefined:undefined:undefined:undefined":7,"s:107:16:107:Infinity":37,"s:107:31:107:Infinity":38,"s:110:33:110:Infinity":39,"s:111:34:111:Infinity":40,"s:113:16:120:Infinity":41,"s:114:20:114:Infinity":42,"b:114:48:114:78:114:78:114:Infinity":8,"s:115:33:115:Infinity":43,"b:117:20:119:Infinity:undefined:undefined:undefined:undefined":9,"s:117:20:119:Infinity":44,"b:117:24:117:33:117:33:117:60":10,"s:118:25:118:Infinity":45,"s:123:12:123:Infinity":46,"s:126:12:126:Infinity":47,"f:133:12:133:24":4,"s:134:34:134:Infinity":48,"s:136:8:165:Infinity":49,"f:176:12:176:38":5,"b:177:8:179:Infinity:undefined:undefined:undefined:undefined":11,"s:177:8:179:Infinity":50,"b:177:12:177:39:177:39:177:65:177:65:177:81":12,"s:178:12:178:Infinity":51,"s:181:36:181:Infinity":52,"s:183:8:201:Infinity":53,"b:184:12:184:Infinity:undefined:undefined:undefined:undefined":13,"s:184:12:184:Infinity":54,"s:184:23:184:Infinity":55,"s:187:32:187:Infinity":56,"s:191:12:200:Infinity":57,"s:203:8:203:Infinity":58,"f:209:12:209:29":6,"s:210:20:210:Infinity":59,"s:211:20:211:Infinity":60,"s:212:18:212:Infinity":61,"s:213:18:213:Infinity":62,"s:214:18:214:Infinity":63,"s:215:8:215:Infinity":64,"f:221:4:221:24":7,"s:222:8:222:Infinity":65}}}
,"C:\\Users\\bwales\\projects\\obsidian-plugins\\switchboard\\src\\services\\Logger.ts": {"path":"C:\\Users\\bwales\\projects\\obsidian-plugins\\switchboard\\src\\services\\Logger.ts","statementMap":{"0":{"start":{"line":9,"column":4},"end":{"line":9,"column":null}},"1":{"start":{"line":16,"column":8},"end":{"line":16,"column":null}},"2":{"start":{"line":24,"column":8},"end":{"line":24,"column":null}},"3":{"start":{"line":24,"column":34},"end":{"line":24,"column":null}},"4":{"start":{"line":25,"column":8},"end":{"line":25,"column":null}},"5":{"start":{"line":34,"column":8},"end":{"line":34,"column":null}},"6":{"start":{"line":42,"column":8},"end":{"line":42,"column":null}}},"fnMap":{"0":{"name":"(anonymous_0)","decl":{"start":{"line":15,"column":11},"end":{"line":15,"column":24}},"loc":{"start":{"line":15,"column":48},"end":{"line":17,"column":null}},"line":15},"1":{"name":"(anonymous_1)","decl":{"start":{"line":23,"column":11},"end":{"line":23,"column":17}},"loc":{"start":{"line":23,"column":59},"end":{"line":26,"column":null}},"line":23},"2":{"name":"(anonymous_2)","decl":{"start":{"line":33,"column":11},"end":{"line":33,"column":16}},"loc":{"start":{"line":33,"column":58},"end":{"line":35,"column":null}},"line":33},"3":{"name":"(anonymous_3)","decl":{"start":{"line":41,"column":11},"end":{"line":41,"column":17}},"loc":{"start":{"line":41,"column":59},"end":{"line":43,"column":null}},"line":41}},"branchMap":{"0":{"loc":{"start":{"line":24,"column":8},"end":{"line":24,"column":null}},"type":"if","locations":[{"start":{"line":24,"column":8},"end":{"line":24,"column":null}},{"start":{},"end":{}}],"line":24}},"s":{"0":4,"1":10,"2":87,"3":85,"4":2,"5":2,"6":2},"f":{"0":4,"1":4,"2":4,"3":4},"b":{"0":[85,2]},"meta":{"lastBranch":1,"lastFunction":4,"lastStatement":7,"seen":{"s:9:4:9:Infinity":0,"f:15:11:15:24":0,"s:16:8:16:Infinity":1,"f:23:11:23:17":1,"b:24:8:24:Infinity:undefined:undefined:undefined:undefined":0,"s:24:8:24:Infinity":2,"s:24:34:24:Infinity":3,"s:25:8:25:Infinity":4,"f:33:11:33:16":2,"s:34:8:34:Infinity":5,"f:41:11:41:17":3,"s:42:8:42:Infinity":6}}}
,"C:\\Users\\bwales\\projects\\obsidian-plugins\\switchboard\\src\\services\\SessionLogger.ts": {"path":"C:\\Users\\bwales\\projects\\obsidian-plugins\\switchboard\\src\\services\\SessionLogger.ts","statementMap":{"0":{"start":{"line":22,"column":4},"end":{"line":22,"column":null}},"1":{"start":{"line":24,"column":4},"end":{"line":24,"column":null}},"2":{"start":{"line":27,"column":8},"end":{"line":27,"column":null}},"3":{"start":{"line":28,"column":8},"end":{"line":28,"column":null}},"4":{"start":{"line":35,"column":8},"end":{"line":38,"column":null}},"5":{"start":{"line":46,"column":8},"end":{"line":46,"column":null}},"6":{"start":{"line":46,"column":34},"end":{"line":46,"column":null}},"7":{"start":{"line":48,"column":24},"end":{"line":48,"column":null}},"8":{"start":{"line":49,"column":27},"end":{"line":49,"column":null}},"9":{"start":{"line":50,"column":32},"end":{"line":50,"column":null}},"10":{"start":{"line":52,"column":41},"end":{"line":57,"column":null}},"11":{"start":{"line":59,"column":8},"end":{"line":59,"column":null}},"12":{"start":{"line":62,"column":8},"end":{"line":62,"column":null}},"13":{"start":{"line":62,"column":33},"end":{"line":62,"column":null}},"14":{"start":{"line":64,"column":8},"end":{"line":64,"column":null}},"15":{"start":{"line":72,"column":8},"end":{"line":79,"column":null}},"16":{"start":{"line":73,"column":12},"end":{"line":73,"column":null}},"17":{"start":{"line":74,"column":12},"end":{"line":78,"column":null}},"18":{"start":{"line":75,"column":16},"end":{"line":75,"column":null}},"19":{"start":{"line":77,"column":16},"end":{"line":77,"column":null}},"20":{"start":{"line":80,"column":8},"end":{"line":80,"column":null}},"21":{"start":{"line":88,"column":8},"end":{"line":88,"column":null}},"22":{"start":{"line":90,"column":25},"end":{"line":90,"column":null}},"23":{"start":{"line":91,"column":24},"end":{"line":91,"column":null}},"24":{"start":{"line":93,"column":8},"end":{"line":96,"column":null}},"25":{"start":{"line":94,"column":12},"end":{"line":94,"column":null}},"26":{"start":{"line":95,"column":12},"end":{"line":95,"column":null}},"27":{"start":{"line":99,"column":24},"end":{"line":99,"column":null}},"28":{"start":{"line":100,"column":8},"end":{"line":117,"column":null}},"29":{"start":{"line":102,"column":33},"end":{"line":102,"column":null}},"30":{"start":{"line":103,"column":33},"end":{"line":103,"column":null}},"31":{"start":{"line":104,"column":33},"end":{"line":104,"column":null}},"32":{"start":{"line":106,"column":12},"end":{"line":116,"column":null}},"33":{"start":{"line":107,"column":34},"end":{"line":107,"column":null}},"34":{"start":{"line":108,"column":16},"end":{"line":112,"column":null}},"35":{"start":{"line":109,"column":20},"end":{"line":109,"column":null}},"36":{"start":{"line":111,"column":20},"end":{"line":111,"column":null}},"37":{"start":{"line":113,"column":16},"end":{"line":113,"column":null}},"38":{"start":{"line":115,"column":16},"end":{"line":115,"column":null}},"39":{"start":{"line":118,"column":8},"end":{"line":118,"column":null}},"40":{"start":{"line":126,"column":21},"end":{"line":126,"column":null}},"41":{"start":{"line":127,"column":22},"end":{"line":127,"column":null}},"42":{"start":{"line":128,"column":20},"end":{"line":128,"column":null}},"43":{"start":{"line":130,"column":23},"end":{"line":138,"column":null}},"44":{"start":{"line":140,"column":8},"end":{"line":140,"column":null}},"45":{"start":{"line":141,"column":8},"end":{"line":141,"column":null}},"46":{"start":{"line":144,"column":8},"end":{"line":146,"column":null}},"47":{"start":{"line":145,"column":12},"end":{"line":145,"column":null}},"48":{"start":{"line":148,"column":8},"end":{"line":148,"column":null}},"49":{"start":{"line":151,"column":8},"end":{"line":153,"column":null}},"50":{"start":{"line":152,"column":12},"end":{"line":152,"column":null}},"51":{"start":{"line":155,"column":8},"end":{"line":155,"column":null}},"52":{"start":{"line":157,"column":8},"end":{"line":157,"column":null}},"53":{"start":{"line":158,"column":8},"end":{"line":158,"column":null}},"54":{"start":{"line":165,"column":8},"end":{"line":165,"column":null}},"55":{"start":{"line":172,"column":24},"end":{"line":176,"column":null}},"56":{"start":{"line":177,"column":25},"end":{"line":177,"column":null}},"57":{"start":{"line":178,"column":23},"end":{"line":178,"column":null}},"58":{"start":{"line":179,"column":14},"end":{"line":179,"column":null}},"59":{"start":{"line":181,"column":8},"end":{"line":181,"column":null}},"60":{"start":{"line":188,"column":8},"end":{"line":188,"column":null}},"61":{"start":{"line":200,"column":14},"end":{"line":200,"column":null}},"62":{"start":{"line":201,"column":8},"end":{"line":221,"column":null}},"63":{"start":{"line":202,"column":12},"end":{"line":202,"column":null}},"64":{"start":{"line":203,"column":12},"end":{"line":203,"column":null}},"65":{"start":{"line":205,"column":12},"end":{"line":207,"column":null}},"66":{"start":{"line":206,"column":16},"end":{"line":206,"column":null}},"67":{"start":{"line":209,"column":29},"end":{"line":209,"column":null}},"68":{"start":{"line":210,"column":12},"end":{"line":214,"column":null}},"69":{"start":{"line":211,"column":30},"end":{"line":211,"column":null}},"70":{"start":{"line":212,"column":16},"end":{"line":212,"column":null}},"71":{"start":{"line":213,"column":16},"end":{"line":213,"column":null}},"72":{"start":{"line":216,"column":18},"end":{"line":216,"column":null}},"73":{"start":{"line":217,"column":12},"end":{"line":219,"column":null}},"74":{"start":{"line":220,"column":12},"end":{"line":220,"column":null}},"75":{"start":{"line":224,"column":14},"end":{"line":224,"column":null}},"76":{"start":{"line":225,"column":25},"end":{"line":225,"column":null}},"77":{"start":{"line":226,"column":8},"end":{"line":229,"column":null}},"78":{"start":{"line":227,"column":12},"end":{"line":227,"column":null}},"79":{"start":{"line":228,"column":12},"end":{"line":228,"column":null}},"80":{"start":{"line":234,"column":25},"end":{"line":234,"column":null}},"81":{"start":{"line":235,"column":29},"end":{"line":235,"column":null}},"82":{"start":{"line":236,"column":29},"end":{"line":236,"column":null}},"83":{"start":{"line":236,"column":48},"end":{"line":236,"column":85}},"84":{"start":{"line":237,"column":8},"end":{"line":240,"column":null}},"85":{"start":{"line":238,"column":12},"end":{"line":238,"column":null}},"86":{"start":{"line":239,"column":12},"end":{"line":239,"column":null}},"87":{"start":{"line":243,"column":8},"end":{"line":243,"column":null}},"88":{"start":{"line":244,"column":8},"end":{"line":261,"column":null}},"89":{"start":{"line":246,"column":26},"end":{"line":246,"column":null}},"90":{"start":{"line":247,"column":12},"end":{"line":247,"column":null}},"91":{"start":{"line":248,"column":31},"end":{"line":248,"column":null}},"92":{"start":{"line":249,"column":12},"end":{"line":255,"column":null}},"93":{"start":{"line":250,"column":31},"end":{"line":250,"column":null}},"94":{"start":{"line":251,"column":16},"end":{"line":254,"column":null}},"95":{"start":{"line":252,"column":20},"end":{"line":252,"column":null}},"96":{"start":{"line":253,"column":20},"end":{"line":253,"column":null}},"97":{"start":{"line":257,"column":12},"end":{"line":257,"column":null}},"98":{"start":{"line":259,"column":12},"end":{"line":259,"column":null}},"99":{"start":{"line":260,"column":12},"end":{"line":260,"column":null}},"100":{"start":{"line":268,"column":24},"end":{"line":268,"column":null}},"101":{"start":{"line":269,"column":8},"end":{"line":269,"column":null}},"102":{"start":{"line":276,"column":8},"end":{"line":276,"column":null}},"103":{"start":{"line":283,"column":8},"end":{"line":283,"column":null}},"104":{"start":{"line":283,"column":34},"end":{"line":283,"column":null}},"105":{"start":{"line":284,"column":20},"end":{"line":284,"column":null}},"106":{"start":{"line":285,"column":8},"end":{"line":285,"column":null}},"107":{"start":{"line":292,"column":25},"end":{"line":292,"column":null}},"108":{"start":{"line":294,"column":8},"end":{"line":296,"column":null}},"109":{"start":{"line":295,"column":12},"end":{"line":295,"column":null}},"110":{"start":{"line":299,"column":20},"end":{"line":299,"column":null}},"111":{"start":{"line":300,"column":21},"end":{"line":300,"column":null}},"112":{"start":{"line":301,"column":22},"end":{"line":301,"column":null}},"113":{"start":{"line":302,"column":20},"end":{"line":302,"column":null}},"114":{"start":{"line":303,"column":24},"end":{"line":303,"column":null}},"115":{"start":{"line":304,"column":24},"end":{"line":304,"column":null}},"116":{"start":{"line":305,"column":25},"end":{"line":305,"column":null}},"117":{"start":{"line":306,"column":14},"end":{"line":306,"column":null}},"118":{"start":{"line":309,"column":14},"end":{"line":309,"column":null}},"119":{"start":{"line":310,"column":28},"end":{"line":312,"column":null}},"120":{"start":{"line":315,"column":19},"end":{"line":315,"column":null}},"121":{"start":{"line":317,"column":8},"end":{"line":329,"column":null}},"122":{"start":{"line":319,"column":12},"end":{"line":328,"column":null}},"123":{"start":{"line":320,"column":32},"end":{"line":320,"column":null}},"124":{"start":{"line":321,"column":32},"end":{"line":321,"column":null}},"125":{"start":{"line":322,"column":16},"end":{"line":322,"column":null}},"126":{"start":{"line":323,"column":16},"end":{"line":323,"column":null}},"127":{"start":{"line":324,"column":16},"end":{"line":324,"column":null}},"128":{"start":{"line":326,"column":16},"end":{"line":326,"column":null}},"129":{"start":{"line":327,"column":16},"end":{"line":327,"column":null}},"130":{"start":{"line":331,"column":8},"end":{"line":334,"column":null}},"131":{"start":{"line":332,"column":12},"end":{"line":332,"column":null}},"132":{"start":{"line":333,"column":12},"end":{"line":333,"column":null}},"133":{"start":{"line":336,"column":24},"end":{"line":336,"column":null}},"134":{"start":{"line":339,"column":8},"end":{"line":371,"column":null}},"135":{"start":{"line":341,"column":33},"end":{"line":341,"column":null}},"136":{"start":{"line":342,"column":33},"end":{"line":342,"column":null}},"137":{"start":{"line":343,"column":33},"end":{"line":343,"column":null}},"138":{"start":{"line":345,"column":12},"end":{"line":370,"column":null}},"139":{"start":{"line":346,"column":34},"end":{"line":346,"column":null}},"140":{"start":{"line":347,"column":16},"end":{"line":351,"column":null}},"141":{"start":{"line":348,"column":20},"end":{"line":348,"column":null}},"142":{"start":{"line":350,"column":20},"end":{"line":350,"column":null}},"143":{"start":{"line":353,"column":36},"end":{"line":353,"column":null}},"144":{"start":{"line":354,"column":41},"end":{"line":354,"column":null}},"145":{"start":{"line":355,"column":37},"end":{"line":357,"column":null}},"146":{"start":{"line":359,"column":39},"end":{"line":359,"column":null}},"147":{"start":{"line":360,"column":39},"end":{"line":360,"column":null}},"148":{"start":{"line":362,"column":16},"end":{"line":367,"column":null}},"149":{"start":{"line":363,"column":46},"end":{"line":363,"column":null}},"150":{"start":{"line":364,"column":20},"end":{"line":364,"column":null}},"151":{"start":{"line":366,"column":20},"end":{"line":366,"column":null}},"152":{"start":{"line":369,"column":16},"end":{"line":369,"column":null}},"153":{"start":{"line":372,"column":8},"end":{"line":372,"column":null}}},"fnMap":{"0":{"name":"(anonymous_0)","decl":{"start":{"line":26,"column":4},"end":{"line":26,"column":16}},"loc":{"start":{"line":26,"column":53},"end":{"line":29,"column":null}},"line":26},"1":{"name":"(anonymous_1)","decl":{"start":{"line":34,"column":4},"end":{"line":34,"column":17}},"loc":{"start":{"line":34,"column":46},"end":{"line":39,"column":null}},"line":34},"2":{"name":"(anonymous_2)","decl":{"start":{"line":45,"column":4},"end":{"line":45,"column":37}},"loc":{"start":{"line":45,"column":37},"end":{"line":65,"column":null}},"line":45},"3":{"name":"(anonymous_3)","decl":{"start":{"line":71,"column":10},"end":{"line":71,"column":21}},"loc":{"start":{"line":71,"column":75},"end":{"line":81,"column":null}},"line":71},"4":{"name":"(anonymous_4)","decl":{"start":{"line":72,"column":27},"end":{"line":72,"column":39}},"loc":{"start":{"line":72,"column":39},"end":{"line":79,"column":11}},"line":72},"5":{"name":"(anonymous_5)","decl":{"start":{"line":86,"column":18},"end":{"line":86,"column":32}},"loc":{"start":{"line":86,"column":86},"end":{"line":119,"column":null}},"line":86},"6":{"name":"(anonymous_6)","decl":{"start":{"line":100,"column":46},"end":{"line":100,"column":47}},"loc":{"start":{"line":100,"column":59},"end":{"line":117,"column":9}},"line":100},"7":{"name":"(anonymous_7)","decl":{"start":{"line":124,"column":18},"end":{"line":124,"column":32}},"loc":{"start":{"line":124,"column":86},"end":{"line":159,"column":null}},"line":124},"8":{"name":"(anonymous_8)","decl":{"start":{"line":164,"column":12},"end":{"line":164,"column":25}},"loc":{"start":{"line":164,"column":45},"end":{"line":166,"column":null}},"line":164},"9":{"name":"(anonymous_9)","decl":{"start":{"line":171,"column":12},"end":{"line":171,"column":27}},"loc":{"start":{"line":171,"column":74},"end":{"line":182,"column":null}},"line":171},"10":{"name":"(anonymous_10)","decl":{"start":{"line":187,"column":12},"end":{"line":187,"column":23}},"loc":{"start":{"line":187,"column":43},"end":{"line":189,"column":null}},"line":187},"11":{"name":"(anonymous_11)","decl":{"start":{"line":196,"column":18},"end":{"line":196,"column":37}},"loc":{"start":{"line":196,"column":83},"end":{"line":262,"column":null}},"line":196},"12":{"name":"(anonymous_12)","decl":{"start":{"line":236,"column":43},"end":{"line":236,"column":48}},"loc":{"start":{"line":236,"column":48},"end":{"line":236,"column":85}},"line":236},"13":{"name":"(anonymous_13)","decl":{"start":{"line":267,"column":12},"end":{"line":267,"column":33}},"loc":{"start":{"line":267,"column":64},"end":{"line":270,"column":null}},"line":267},"14":{"name":"(anonymous_14)","decl":{"start":{"line":275,"column":4},"end":{"line":275,"column":32}},"loc":{"start":{"line":275,"column":32},"end":{"line":277,"column":null}},"line":275},"15":{"name":"(anonymous_15)","decl":{"start":{"line":282,"column":4},"end":{"line":282,"column":33}},"loc":{"start":{"line":282,"column":33},"end":{"line":286,"column":null}},"line":282},"16":{"name":"(anonymous_16)","decl":{"start":{"line":291,"column":10},"end":{"line":291,"column":25}},"loc":{"start":{"line":291,"column":101},"end":{"line":373,"column":null}},"line":291},"17":{"name":"(anonymous_17)","decl":{"start":{"line":339,"column":43},"end":{"line":339,"column":44}},"loc":{"start":{"line":339,"column":56},"end":{"line":371,"column":9}},"line":339}},"branchMap":{"0":{"loc":{"start":{"line":46,"column":8},"end":{"line":46,"column":null}},"type":"if","locations":[{"start":{"line":46,"column":8},"end":{"line":46,"column":null}},{"start":{},"end":{}}],"line":46},"1":{"loc":{"start":{"line":62,"column":8},"end":{"line":62,"column":null}},"type":"if","locations":[{"start":{"line":62,"column":8},"end":{"line":62,"column":null}},{"start":{},"end":{}}],"line":62},"2":{"loc":{"start":{"line":93,"column":8},"end":{"line":96,"column":null}},"type":"if","locations":[{"start":{"line":93,"column":8},"end":{"line":96,"column":null}},{"start":{},"end":{}}],"line":93},"3":{"loc":{"start":{"line":99,"column":24},"end":{"line":99,"column":null}},"type":"binary-expr","locations":[{"start":{"line":99,"column":24},"end":{"line":99,"column":58}},{"start":{"line":99,"column":58},"end":{"line":99,"column":null}}],"line":99},"4":{"loc":{"start":{"line":104,"column":33},"end":{"line":104,"column":null}},"type":"cond-expr","locations":[{"start":{"line":104,"column":48},"end":{"line":104,"column":70}},{"start":{"line":104,"column":70},"end":{"line":104,"column":null}}],"line":104},"5":{"loc":{"start":{"line":106,"column":12},"end":{"line":116,"column":null}},"type":"if","locations":[{"start":{"line":106,"column":12},"end":{"line":116,"column":null}},{"start":{"line":114,"column":19},"end":{"line":116,"column":null}}],"line":106},"6":{"loc":{"start":{"line":108,"column":16},"end":{"line":112,"column":null}},"type":"if","locations":[{"start":{"line":108,"column":16},"end":{"line":112,"column":null}},{"start":{"line":110,"column":23},"end":{"line":112,"column":null}}],"line":108},"7":{"loc":{"start":{"line":141,"column":59},"end":{"line":141,"column":107}},"type":"binary-expr","locations":[{"start":{"line":141,"column":59},"end":{"line":141,"column":106}},{"start":{"line":141,"column":106},"end":{"line":141,"column":107}}],"line":141},"8":{"loc":{"start":{"line":144,"column":8},"end":{"line":146,"column":null}},"type":"if","locations":[{"start":{"line":144,"column":8},"end":{"line":146,"column":null}},{"start":{},"end":{}}],"line":144},"9":{"loc":{"start":{"line":151,"column":8},"end":{"line":153,"column":null}},"type":"if","locations":[{"start":{"line":151,"column":8},"end":{"line":153,"column":null}},{"start":{},"end":{}}],"line":151},"10":{"loc":{"start":{"line":201,"column":8},"end":{"line":221,"column":null}},"type":"if","locations":[{"start":{"line":201,"column":8},"end":{"line":221,"column":null}},{"start":{"line":204,"column":15},"end":{"line":221,"column":null}}],"line":201},"11":{"loc":{"start":{"line":201,"column":12},"end":{"line":201,"column":46}},"type":"binary-expr","locations":[{"start":{"line":201,"column":12},"end":{"line":201,"column":35}},{"start":{"line":201,"column":35},"end":{"line":201,"column":46}}],"line":201},"12":{"loc":{"start":{"line":205,"column":12},"end":{"line":207,"column":null}},"type":"if","locations":[{"start":{"line":205,"column":12},"end":{"line":207,"column":null}},{"start":{},"end":{}}],"line":205},"13":{"loc":{"start":{"line":205,"column":16},"end":{"line":205,"column":51}},"type":"binary-expr","locations":[{"start":{"line":205,"column":16},"end":{"line":205,"column":39}},{"start":{"line":205,"column":39},"end":{"line":205,"column":51}}],"line":205},"14":{"loc":{"start":{"line":210,"column":12},"end":{"line":214,"column":null}},"type":"if","locations":[{"start":{"line":210,"column":12},"end":{"line":214,"column":null}},{"start":{},"end":{}}],"line":210},"15":{"loc":{"start":{"line":217,"column":22},"end":{"line":219,"column":null}},"type":"cond-expr","locations":[{"start":{"line":218,"column":18},"end":{"line":218,"column":null}},{"start":{"line":219,"column":18},"end":{"line":219,"column":null}}],"line":217},"16":{"loc":{"start":{"line":226,"column":8},"end":{"line":229,"column":null}},"type":"if","locations":[{"start":{"line":226,"column":8},"end":{"line":229,"column":null}},{"start":{},"end":{}}],"line":226},"17":{"loc":{"start":{"line":237,"column":8},"end":{"line":240,"column":null}},"type":"if","locations":[{"start":{"line":237,"column":8},"end":{"line":240,"column":null}},{"start":{},"end":{}}],"line":237},"18":{"loc":{"start":{"line":249,"column":12},"end":{"line":255,"column":null}},"type":"if","locations":[{"start":{"line":249,"column":12},"end":{"line":255,"column":null}},{"start":{},"end":{}}],"line":249},"19":{"loc":{"start":{"line":251,"column":16},"end":{"line":254,"column":null}},"type":"if","locations":[{"start":{"line":251,"column":16},"end":{"line":254,"column":null}},{"start":{},"end":{}}],"line":251},"20":{"loc":{"start":{"line":268,"column":24},"end":{"line":268,"column":null}},"type":"binary-expr","locations":[{"start":{"line":268,"column":24},"end":{"line":268,"column":50}},{"start":{"line":268,"column":50},"end":{"line":268,"column":null}}],"line":268},"21":{"loc":{"start":{"line":283,"column":8},"end":{"line":283,"column":null}},"type":"if","locations":[{"start":{"line":283,"column":8},"end":{"line":283,"column":null}},{"start":{},"end":{}}],"line":283},"22":{"loc":{"start":{"line":294,"column":8},"end":{"line":296,"column":null}},"type":"if","locations":[{"start":{"line":294,"column":8},"end":{"line":296,"column":null}},{"start":{},"end":{}}],"line":294},"23":{"loc":{"start":{"line":294,"column":12},"end":{"line":294,"column":76}},"type":"binary-expr","locations":[{"start":{"line":294,"column":12},"end":{"line":294,"column":48}},{"start":{"line":294,"column":48},"end":{"line":294,"column":76}}],"line":294},"24":{"loc":{"start":{"line":310,"column":28},"end":{"line":312,"column":null}},"type":"cond-expr","locations":[{"start":{"line":311,"column":14},"end":{"line":311,"column":null}},{"start":{"line":312,"column":14},"end":{"line":312,"column":null}}],"line":310},"25":{"loc":{"start":{"line":317,"column":8},"end":{"line":329,"column":null}},"type":"if","locations":[{"start":{"line":317,"column":8},"end":{"line":329,"column":null}},{"start":{},"end":{}}],"line":317},"26":{"loc":{"start":{"line":320,"column":32},"end":{"line":320,"column":null}},"type":"binary-expr","locations":[{"start":{"line":320,"column":32},"end":{"line":320,"column":61}},{"start":{"line":320,"column":61},"end":{"line":320,"column":null}}],"line":320},"27":{"loc":{"start":{"line":331,"column":8},"end":{"line":334,"column":null}},"type":"if","locations":[{"start":{"line":331,"column":8},"end":{"line":334,"column":null}},{"start":{},"end":{}}],"line":331},"28":{"loc":{"start":{"line":336,"column":24},"end":{"line":336,"column":null}},"type":"binary-expr","locations":[{"start":{"line":336,"column":24},"end":{"line":336,"column":53}},{"start":{"line":336,"column":53},"end":{"line":336,"column":null}}],"line":336},"29":{"loc":{"start":{"line":343,"column":33},"end":{"line":343,"column":null}},"type":"cond-expr","locations":[{"start":{"line":343,"column":48},"end":{"line":343,"column":70}},{"start":{"line":343,"column":70},"end":{"line":343,"column":null}}],"line":343},"30":{"loc":{"start":{"line":345,"column":12},"end":{"line":370,"column":null}},"type":"if","locations":[{"start":{"line":345,"column":12},"end":{"line":370,"column":null}},{"start":{"line":368,"column":19},"end":{"line":370,"column":null}}],"line":345},"31":{"loc":{"start":{"line":347,"column":16},"end":{"line":351,"column":null}},"type":"if","locations":[{"start":{"line":347,"column":16},"end":{"line":351,"column":null}},{"start":{"line":349,"column":23},"end":{"line":351,"column":null}}],"line":347},"32":{"loc":{"start":{"line":355,"column":37},"end":{"line":357,"column":null}},"type":"cond-expr","locations":[{"start":{"line":356,"column":22},"end":{"line":356,"column":null}},{"start":{"line":357,"column":22},"end":{"line":357,"column":null}}],"line":355},"33":{"loc":{"start":{"line":356,"column":37},"end":{"line":356,"column":null}},"type":"binary-expr","locations":[{"start":{"line":356,"column":37},"end":{"line":356,"column":63}},{"start":{"line":356,"column":63},"end":{"line":356,"column":null}}],"line":356},"34":{"loc":{"start":{"line":362,"column":16},"end":{"line":367,"column":null}},"type":"if","locations":[{"start":{"line":362,"column":16},"end":{"line":367,"column":null}},{"start":{"line":365,"column":23},"end":{"line":367,"column":null}}],"line":362}},"s":{"0":11,"1":11,"2":11,"3":11,"4":1,"5":2,"6":1,"7":1,"8":1,"9":1,"10":1,"11":1,"12":1,"13":1,"14":0,"15":9,"16":9,"17":9,"18":9,"19":1,"20":9,"21":9,"22":9,"23":9,"24":9,"25":0,"26":0,"27":9,"28":9,"29":9,"30":9,"31":9,"32":9,"33":6,"34":6,"35":0,"36":6,"37":6,"38":2,"39":8,"40":9,"41":9,"42":9,"43":9,"44":9,"45":9,"46":9,"47":0,"48":9,"49":9,"50":1,"51":9,"52":9,"53":9,"54":18,"55":9,"56":9,"57":9,"58":9,"59":9,"60":18,"61":9,"62":9,"63":8,"64":8,"65":1,"66":1,"67":1,"68":1,"69":1,"70":1,"71":1,"72":1,"73":1,"74":1,"75":9,"76":9,"77":9,"78":8,"79":8,"80":1,"81":1,"82":1,"83":0,"84":1,"85":0,"86":0,"87":1,"88":1,"89":1,"90":1,"91":1,"92":1,"93":1,"94":1,"95":1,"96":1,"97":1,"98":0,"99":0,"100":1,"101":1,"102":0,"103":0,"104":0,"105":0,"106":0,"107":2,"108":2,"109":0,"110":2,"111":2,"112":2,"113":2,"114":2,"115":2,"116":2,"117":2,"118":2,"119":2,"120":2,"121":2,"122":1,"123":1,"124":1,"125":1,"126":1,"127":1,"128":0,"129":0,"130":1,"131":0,"132":0,"133":1,"134":2,"135":1,"136":1,"137":1,"138":1,"139":1,"140":1,"141":0,"142":1,"143":1,"144":1,"145":1,"146":1,"147":1,"148":1,"149":1,"150":1,"151":0,"152":0,"153":1},"f":{"0":11,"1":1,"2":2,"3":9,"4":9,"5":9,"6":9,"7":9,"8":18,"9":9,"10":18,"11":9,"12":0,"13":1,"14":0,"15":0,"16":2,"17":1},"b":{"0":[1,1],"1":[1,0],"2":[0,9],"3":[9,0],"4":[6,2],"5":[6,2],"6":[0,6],"7":[9,6],"8":[0,9],"9":[1,8],"10":[8,1],"11":[9,9],"12":[1,0],"13":[1,1],"14":[1,0],"15":[1,0],"16":[8,1],"17":[0,1],"18":[1,0],"19":[1,0],"20":[1,0],"21":[0,0],"22":[0,2],"23":[2,2],"24":[2,0],"25":[1,1],"26":[1,0],"27":[0,1],"28":[1,0],"29":[1,0],"30":[1,0],"31":[0,1],"32":[0,1],"33":[0,0],"34":[1,0]},"meta":{"lastBranch":35,"lastFunction":18,"lastStatement":154,"seen":{"f:26:4:26:16":0,"s:22:4:22:Infinity":0,"s:24:4:24:Infinity":1,"s:27:8:27:Infinity":2,"s:28:8:28:Infinity":3,"f:34:4:34:17":1,"s:35:8:38:Infinity":4,"f:45:4:45:37":2,"b:46:8:46:Infinity:undefined:undefined:undefined:undefined":0,"s:46:8:46:Infinity":5,"s:46:34:46:Infinity":6,"s:48:24:48:Infinity":7,"s:49:27:49:Infinity":8,"s:50:32:50:Infinity":9,"s:52:41:57:Infinity":10,"s:59:8:59:Infinity":11,"b:62:8:62:Infinity:undefined:undefined:undefined:undefined":1,"s:62:8:62:Infinity":12,"s:62:33:62:Infinity":13,"s:64:8:64:Infinity":14,"f:71:10:71:21":3,"s:72:8:79:Infinity":15,"f:72:27:72:39":4,"s:73:12:73:Infinity":16,"s:74:12:78:Infinity":17,"s:75:16:75:Infinity":18,"s:77:16:77:Infinity":19,"s:80:8:80:Infinity":20,"f:86:18:86:32":5,"s:88:8:88:Infinity":21,"s:90:25:90:Infinity":22,"s:91:24:91:Infinity":23,"b:93:8:96:Infinity:undefined:undefined:undefined:undefined":2,"s:93:8:96:Infinity":24,"s:94:12:94:Infinity":25,"s:95:12:95:Infinity":26,"s:99:24:99:Infinity":27,"b:99:24:99:58:99:58:99:Infinity":3,"s:100:8:117:Infinity":28,"f:100:46:100:47":6,"s:102:33:102:Infinity":29,"s:103:33:103:Infinity":30,"s:104:33:104:Infinity":31,"b:104:48:104:70:104:70:104:Infinity":4,"b:106:12:116:Infinity:114:19:116:Infinity":5,"s:106:12:116:Infinity":32,"s:107:34:107:Infinity":33,"b:108:16:112:Infinity:110:23:112:Infinity":6,"s:108:16:112:Infinity":34,"s:109:20:109:Infinity":35,"s:111:20:111:Infinity":36,"s:113:16:113:Infinity":37,"s:115:16:115:Infinity":38,"s:118:8:118:Infinity":39,"f:124:18:124:32":7,"s:126:21:126:Infinity":40,"s:127:22:127:Infinity":41,"s:128:20:128:Infinity":42,"s:130:23:138:Infinity":43,"s:140:8:140:Infinity":44,"s:141:8:141:Infinity":45,"b:141:59:141:106:141:106:141:107":7,"b:144:8:146:Infinity:undefined:undefined:undefined:undefined":8,"s:144:8:146:Infinity":46,"s:145:12:145:Infinity":47,"s:148:8:148:Infinity":48,"b:151:8:153:Infinity:undefined:undefined:undefined:undefined":9,"s:151:8:153:Infinity":49,"s:152:12:152:Infinity":50,"s:155:8:155:Infinity":51,"s:157:8:157:Infinity":52,"s:158:8:158:Infinity":53,"f:164:12:164:25":8,"s:165:8:165:Infinity":54,"f:171:12:171:27":9,"s:172:24:176:Infinity":55,"s:177:25:177:Infinity":56,"s:178:23:178:Infinity":57,"s:179:14:179:Infinity":58,"s:181:8:181:Infinity":59,"f:187:12:187:23":10,"s:188:8:188:Infinity":60,"f:196:18:196:37":11,"s:200:14:200:Infinity":61,"b:201:8:221:Infinity:204:15:221:Infinity":10,"s:201:8:221:Infinity":62,"b:201:12:201:35:201:35:201:46":11,"s:202:12:202:Infinity":63,"s:203:12:203:Infinity":64,"b:205:12:207:Infinity:undefined:undefined:undefined:undefined":12,"s:205:12:207:Infinity":65,"b:205:16:205:39:205:39:205:51":13,"s:206:16:206:Infinity":66,"s:209:29:209:Infinity":67,"b:210:12:214:Infinity:undefined:undefined:undefined:undefined":14,"s:210:12:214:Infinity":68,"s:211:30:211:Infinity":69,"s:212:16:212:Infinity":70,"s:213:16:213:Infinity":71,"s:216:18:216:Infinity":72,"s:217:12:219:Infinity":73,"b:218:18:218:Infinity:219:18:219:Infinity":15,"s:220:12:220:Infinity":74,"s:224:14:224:Infinity":75,"s:225:25:225:Infinity":76,"b:226:8:229:Infinity:undefined:undefined:undefined:undefined":16,"s:226:8:229:Infinity":77,"s:227:12:227:Infinity":78,"s:228:12:228:Infinity":79,"s:234:25:234:Infinity":80,"s:235:29:235:Infinity":81,"s:236:29:236:Infinity":82,"f:236:43:236:48":12,"s:236:48:236:85":83,"b:237:8:240:Infinity:undefined:undefined:undefined:undefined":17,"s:237:8:240:Infinity":84,"s:238:12:238:Infinity":85,"s:239:12:239:Infinity":86,"s:243:8:243:Infinity":87,"s:244:8:261:Infinity":88,"s:246:26:246:Infinity":89,"s:247:12:247:Infinity":90,"s:248:31:248:Infinity":91,"b:249:12:255:Infinity:undefined:undefined:undefined:undefined":18,"s:249:12:255:Infinity":92,"s:250:31:250:Infinity":93,"b:251:16:254:Infinity:undefined:undefined:undefined:undefined":19,"s:251:16:254:Infinity":94,"s:252:20:252:Infinity":95,"s:253:20:253:Infinity":96,"s:257:12:257:Infinity":97,"s:259:12:259:Infinity":98,"s:260:12:260:Infinity":99,"f:267:12:267:33":13,"s:268:24:268:Infinity":100,"b:268:24:268:50:268:50:268:Infinity":20,"s:269:8:269:Infinity":101,"f:275:4:275:32":14,"s:276:8:276:Infinity":102,"f:282:4:282:33":15,"b:283:8:283:Infinity:undefined:undefined:undefined:undefined":21,"s:283:8:283:Infinity":103,"s:283:34:283:Infinity":104,"s:284:20:284:Infinity":105,"s:285:8:285:Infinity":106,"f:291:10:291:25":16,"s:292:25:292:Infinity":107,"b:294:8:296:Infinity:undefined:undefined:undefined:undefined":22,"s:294:8:296:Infinity":108,"b:294:12:294:48:294:48:294:76":23,"s:295:12:295:Infinity":109,"s:299:20:299:Infinity":110,"s:300:21:300:Infinity":111,"s:301:22:301:Infinity":112,"s:302:20:302:Infinity":113,"s:303:24:303:Infinity":114,"s:304:24:304:Infinity":115,"s:305:25:305:Infinity":116,"s:306:14:306:Infinity":117,"s:309:14:309:Infinity":118,"s:310:28:312:Infinity":119,"b:311:14:311:Infinity:312:14:312:Infinity":24,"s:315:19:315:Infinity":120,"b:317:8:329:Infinity:undefined:undefined:undefined:undefined":25,"s:317:8:329:Infinity":121,"s:319:12:328:Infinity":122,"s:320:32:320:Infinity":123,"b:320:32:320:61:320:61:320:Infinity":26,"s:321:32:321:Infinity":124,"s:322:16:322:Infinity":125,"s:323:16:323:Infinity":126,"s:324:16:324:Infinity":127,"s:326:16:326:Infinity":128,"s:327:16:327:Infinity":129,"b:331:8:334:Infinity:undefined:undefined:undefined:undefined":27,"s:331:8:334:Infinity":130,"s:332:12:332:Infinity":131,"s:333:12:333:Infinity":132,"s:336:24:336:Infinity":133,"b:336:24:336:53:336:53:336:Infinity":28,"s:339:8:371:Infinity":134,"f:339:43:339:44":17,"s:341:33:341:Infinity":135,"s:342:33:342:Infinity":136,"s:343:33:343:Infinity":137,"b:343:48:343:70:343:70:343:Infinity":29,"b:345:12:370:Infinity:368:19:370:Infinity":30,"s:345:12:370:Infinity":138,"s:346:34:346:Infinity":139,"b:347:16:351:Infinity:349:23:351:Infinity":31,"s:347:16:351:Infinity":140,"s:348:20:348:Infinity":141,"s:350:20:350:Infinity":142,"s:353:36:353:Infinity":143,"s:354:41:354:Infinity":144,"s:355:37:357:Infinity":145,"b:356:22:356:Infinity:357:22:357:Infinity":32,"b:356:37:356:63:356:63:356:Infinity":33,"s:359:39:359:Infinity":146,"s:360:39:360:Infinity":147,"b:362:16:367:Infinity:365:23:367:Infinity":34,"s:362:16:367:Infinity":148,"s:363:46:363:Infinity":149,"s:364:20:364:Infinity":150,"s:366:20:366:Infinity":151,"s:369:16:369:Infinity":152,"s:372:8:372:Infinity":153}}}
[...]
ined:undefined:undefined":38,"s:332:12:344:Infinity":133,"s:334:29:336:Infinity":134,"f:335:20:335:21":13,"s:335:44:335:Infinity":135,"b:337:16:337:Infinity:undefined:undefined:undefined:undefined":39,"s:337:16:337:Infinity":136,"s:337:26:337:Infinity":137,"s:340:31:342:Infinity":138,"f:341:20:341:21":14,"s:341:21:341:Infinity":139,"b:343:16:343:Infinity:undefined:undefined:undefined:undefined":40,"s:343:16:343:Infinity":140,"s:343:28:343:Infinity":141,"s:346:8:346:Infinity":142,"f:352:18:352:36":15,"s:354:25:354:Infinity":143,"s:355:26:355:Infinity":144,"b:355:26:355:40:355:40:355:58:355:58:355:Infinity":41,"s:356:20:356:Infinity":145,"s:357:24:357:Infinity":146,"s:358:24:358:Infinity":147,"s:360:22:360:Infinity":148,"s:362:8:384:Infinity":149,"s:363:25:363:Infinity":150,"b:365:12:378:Infinity:370:19:378:Infinity":42,"s:365:12:378:Infinity":151,"s:367:16:369:Infinity":152,"f:367:51:367:52":16,"s:368:20:368:Infinity":153,"s:372:32:376:Infinity":154,"s:377:16:377:Infinity":155,"s:380:12:380:Infinity":156,"s:382:12:382:Infinity":157,"s:383:12:383:Infinity":158,"f:391:12:391:36":17,"s:392:8:400:Infinity":159,"s:394:29:394:Infinity":160,"b:395:12:395:Infinity:undefined:undefined:undefined:undefined":43,"s:395:12:395:Infinity":161,"s:395:26:395:Infinity":162,"s:396:12:396:Infinity":163,"b:396:19:396:62:396:62:396:Infinity":44,"s:398:12:398:Infinity":164,"s:399:12:399:Infinity":165,"f:406:12:406:27":18,"s:407:8:417:Infinity":166,"b:409:12:412:Infinity:undefined:undefined:undefined:undefined":45,"s:409:12:412:Infinity":167,"s:410:33:410:Infinity":168,"s:411:16:411:Infinity":169,"b:411:37:411:61:411:61:411:63":46,"s:413:12:413:Infinity":170,"s:415:12:415:Infinity":171,"s:416:12:416:Infinity":172,"f:423:12:423:26":19,"b:425:8:428:Infinity:undefined:undefined:undefined:undefined":47,"s:425:8:428:Infinity":173,"s:426:22:426:Infinity":174,"s:427:12:427:Infinity":175,"b:427:40:427:47:427:47:427:Infinity":48,"b:431:8:436:Infinity:undefined:undefined:undefined:undefined":49,"s:431:8:436:Infinity":176,"s:432:28:432:Infinity":177,"s:433:28:433:Infinity":178,"b:433:28:433:41:433:41:433:Infinity":50,"s:434:22:434:Infinity":179,"s:435:12:435:Infinity":180,"b:435:40:435:47:435:47:435:Infinity":51,"b:439:8:444:Infinity:undefined:undefined:undefined:undefined":52,"s:439:8:444:Infinity":181,"s:440:28:440:Infinity":182,"s:441:28:441:Infinity":183,"b:441:28:441:45:441:45:441:Infinity":53,"s:442:22:442:Infinity":184,"s:443:12:443:Infinity":185,"b:443:40:443:47:443:47:443:Infinity":54,"s:446:8:446:Infinity":186,"f:452:12:452:27":20,"s:453:25:453:Infinity":187,"b:453:25:453:42:453:42:453:61:453:61:453:Infinity":55,"s:454:27:454:Infinity":188,"b:454:27:454:46:454:46:454:Infinity":56,"s:455:21:455:Infinity":189,"b:455:21:455:34:455:34:455:51:455:51:455:Infinity":57,"s:456:8:456:Infinity":190,"f:462:12:462:40":21,"s:463:20:463:Infinity":191,"s:464:27:464:Infinity":192,"s:466:8:500:Infinity":193,"b:467:12:467:Infinity:undefined:undefined:undefined:undefined":58,"s:467:12:467:Infinity":194,"b:467:16:467:41:467:41:467:76":59,"s:467:76:467:Infinity":195,"s:469:12:499:Infinity":196,"s:470:36:470:Infinity":197,"b:471:16:471:Infinity:undefined:undefined:undefined:undefined":60,"s:471:16:471:Infinity":198,"s:471:34:471:Infinity":199,"s:474:32:474:Infinity":200,"b:477:16:477:Infinity:undefined:undefined:undefined:undefined":61,"s:477:16:477:Infinity":201,"s:477:54:477:Infinity":202,"b:478:16:478:Infinity:undefined:undefined:undefined:undefined":62,"s:478:16:478:Infinity":203,"s:478:53:478:Infinity":204,"s:481:32:481:Infinity":205,"s:482:36:484:Infinity":206,"b:483:22:483:Infinity:484:22:484:Infinity":63,"b:482:36:482:47:482:47:482:Infinity":64,"s:487:33:496:Infinity":207,"s:498:16:498:Infinity":208,"f:506:12:506:31":22,"b:508:8:526:Infinity:undefined:undefined:undefined:undefined":65,"s:508:8:526:Infinity":209,"b:508:12:508:31:508:31:508:45:508:45:508:68":66,"s:510:12:524:Infinity":210,"s:510:30:510:33":211,"s:511:22:511:Infinity":212,"b:512:16:523:Infinity:undefined:undefined:undefined:undefined":67,"s:512:16:523:Infinity":213,"s:513:36:513:Infinity":214,"s:514:20:514:Infinity":215,"s:515:45:515:Infinity":216,"s:516:20:516:Infinity":217,"b:519:20:521:Infinity:undefined:undefined:undefined:undefined":68,"s:519:20:521:Infinity":218,"b:519:24:519:40:519:40:519:83":69,"s:520:24:520:Infinity":219,"s:522:20:522:Infinity":220,"s:525:12:525:Infinity":221,"b:529:8:537:Infinity:undefined:undefined:undefined:undefined":70,"s:529:8:537:Infinity":222,"b:529:12:529:32:529:32:529:44":71,"s:530:37:530:Infinity":223,"s:531:28:531:Infinity":224,"s:532:12:532:Infinity":225,"b:535:12:535:Infinity:undefined:undefined:undefined:undefined":72,"s:535:12:535:Infinity":226,"s:535:59:535:Infinity":227,"s:536:12:536:Infinity":228,"s:539:8:539:Infinity":229,"f:545:12:545:31":23,"s:546:20:546:Infinity":230,"s:547:22:547:Infinity":231,"s:549:24:553:Infinity":232,"f:549:35:549:41":24,"s:550:12:550:Infinity":233,"s:552:12:552:Infinity":234,"s:555:8:564:Infinity":235,"b:559:23:559:41:559:41:559:55:559:55:559:Infinity":73,"f:570:4:570:24":25,"s:571:8:571:Infinity":236}}}
,"C:\\Users\\bwales\\projects\\obsidian-plugins\\switchboard\\test\\__mocks__\\obsidian.ts": {"path":"C:\\Users\\bwales\\projects\\obsidian-plugins\\switchboard\\test\\__mocks__\\obsidian.ts","statementMap":{"0":{"start":{"line":9,"column":4},"end":{"line":9,"column":null}},"1":{"start":{"line":10,"column":4},"end":{"line":10,"column":null}},"2":{"start":{"line":11,"column":4},"end":{"line":11,"column":null}},"3":{"start":{"line":11,"column":39},"end":{"line":11,"column":43}},"4":{"start":{"line":12,"column":4},"end":{"line":15,"column":null}},"5":{"start":{"line":19,"column":4},"end":{"line":19,"column":null}},"6":{"start":{"line":20,"column":4},"end":{"line":20,"column":null}},"7":{"start":{"line":21,"column":4},"end":{"line":25,"column":null}},"8":{"start":{"line":22,"column":24},"end":{"line":22,"column":null}},"9":{"start":{"line":23,"column":27},"end":{"line":23,"column":null}},"10":{"start":{"line":24,"column":8},"end":{"line":24,"column":null}},"11":{"start":{"line":26,"column":4},"end":{"line":26,"column":null}},"12":{"start":{"line":27,"column":4},"end":{"line":27,"column":null}},"13":{"start":{"line":28,"column":4},"end":{"line":28,"column":null}},"14":{"start":{"line":29,"column":4},"end":{"line":29,"column":null}},"15":{"start":{"line":29,"column":27},"end":{"line":29,"column":29}},"16":{"start":{"line":30,"column":4},"end":{"line":30,"column":null}},"17":{"start":{"line":30,"column":36},"end":{"line":30,"column":38}},"18":{"start":{"line":35,"column":4},"end":{"line":35,"column":null}},"19":{"start":{"line":35,"column":34},"end":{"line":35,"column":36}},"20":{"start":{"line":36,"column":4},"end":{"line":36,"column":null}},"21":{"start":{"line":37,"column":4},"end":{"line":39,"column":null}},"22":{"start":{"line":37,"column":27},"end":{"line":39,"column":6}},"23":{"start":{"line":40,"column":4},"end":{"line":40,"column":null}},"24":{"start":{"line":44,"column":23},"end":{"line":44,"column":47}},"25":{"start":{"line":44,"column":47},"end":{"line":44,"column":65}},"26":{"start":{"line":48,"column":4},"end":{"line":48,"column":null}},"27":{"start":{"line":49,"column":4},"end":{"line":49,"column":null}},"28":{"start":{"line":53,"column":4},"end":{"line":53,"column":null}},"29":{"start":{"line":59,"column":4},"end":{"line":59,"column":null}},"30":{"start":{"line":60,"column":4},"end":{"line":60,"column":null}},"31":{"start":{"line":61,"column":28},"end":{"line":61,"column":44}},"32":{"start":{"line":67,"column":23},"end":{"line":67,"column":36}},"33":{"start":{"line":68,"column":21},"end":{"line":68,"column":34}},"34":{"start":{"line":76,"column":4},"end":{"line":76,"column":null}},"35":{"start":{"line":77,"column":4},"end":{"line":77,"column":null}},"36":{"start":{"line":78,"column":4},"end":{"line":78,"column":null}},"37":{"start":{"line":79,"column":4},"end":{"line":79,"column":null}},"38":{"start":{"line":79,"column":32},"end":{"line":79,"column":61}},"39":{"start":{"line":80,"column":4},"end":{"line":80,"column":null}},"40":{"start":{"line":81,"column":4},"end":{"line":81,"column":null}},"41":{"start":{"line":81,"column":35},"end":{"line":81,"column":64}},"42":{"start":{"line":82,"column":4},"end":{"line":82,"column":null}},"43":{"start":{"line":83,"column":4},"end":{"line":83,"column":null}},"44":{"start":{"line":83,"column":45},"end":{"line":83,"column":47}},"45":{"start":{"line":75,"column":28},"end":{"line":75,"column":44}},"46":{"start":{"line":88,"column":4},"end":{"line":88,"column":null}},"47":{"start":{"line":90,"column":28},"end":{"line":90,"column":41}},"48":{"start":{"line":91,"column":28},"end":{"line":91,"column":41}},"49":{"start":{"line":92,"column":19},"end":{"line":92,"column":32}},"50":{"start":{"line":93,"column":23},"end":{"line":93,"column":36}},"51":{"start":{"line":94,"column":25},"end":{"line":94,"column":38}},"52":{"start":{"line":95,"column":27},"end":{"line":95,"column":40}},"53":{"start":{"line":96,"column":25},"end":{"line":96,"column":38}},"54":{"start":{"line":102,"column":41},"end":{"line":102,"column":57}},"55":{"start":{"line":108,"column":4},"end":{"line":108,"column":null}}},"fnMap":{"0":{"name":"(anonymous_0)","decl":{"start":{"line":8,"column":7},"end":{"line":8,"column":13}},"loc":{"start":{"line":8,"column":7},"end":{"line":15,"column":null}},"line":8},"1":{"name":"(anonymous_1)","decl":{"start":{"line":11,"column":33},"end":{"line":11,"column":39}},"loc":{"start":{"line":11,"column":39},"end":{"line":11,"column":43}},"line":11},"2":{"name":"(anonymous_2)","decl":{"start":{"line":18,"column":7},"end":{"line":18,"column":13}},"loc":{"start":{"line":18,"column":7},"end":{"line":30,"column":null}},"line":18},"3":{"name":"(anonymous_3)","decl":{"start":{"line":21,"column":20},"end":{"line":21,"column":27}},"loc":{"start":{"line":21,"column":74},"end":{"line":25,"column":5}},"line":21},"4":{"name":"(anonymous_4)","decl":{"start":{"line":29,"column":21},"end":{"line":29,"column":27}},"loc":{"start":{"line":29,"column":27},"end":{"line":29,"column":29}},"line":29},"5":{"name":"(anonymous_5)","decl":{"start":{"line":30,"column":30},"end":{"line":30,"column":36}},"loc":{"start":{"line":30,"column":36},"end":{"line":30,"column":38}},"line":30},"6":{"name":"(anonymous_6)","decl":{"start":{"line":34,"column":7},"end":{"line":34,"column":13}},"loc":{"start":{"line":34,"column":7},"end":{"line":40,"column":null}},"line":34},"7":{"name":"(anonymous_7)","decl":{"start":{"line":35,"column":28},"end":{"line":35,"column":34}},"loc":{"start":{"line":35,"column":34},"end":{"line":35,"column":36}},"line":35},"8":{"name":"(anonymous_8)","decl":{"start":{"line":37,"column":20},"end":{"line":37,"column":27}},"loc":{"start":{"line":37,"column":27},"end":{"line":39,"column":6}},"line":37},"9":{"name":"(anonymous_9)","decl":{"start":{"line":44,"column":4},"end":{"line":44,"column":23}},"loc":{"start":{"line":44,"column":65},"end":{"line":44,"column":null}},"line":44},"10":{"name":"(anonymous_10)","decl":{"start":{"line":47,"column":7},"end":{"line":47,"column":13}},"loc":{"start":{"line":47,"column":7},"end":{"line":49,"column":null}},"line":47},"11":{"name":"(anonymous_11)","decl":{"start":{"line":52,"column":7},"end":{"line":52,"column":13}},"loc":{"start":{"line":52,"column":7},"end":{"line":53,"column":null}},"line":52},"12":{"name":"(anonymous_12)","decl":{"start":{"line":61,"column":4},"end":{"line":61,"column":16}},"loc":{"start":{"line":61,"column":26},"end":{"line":61,"column":null}},"line":61},"13":{"name":"(anonymous_13)","decl":{"start":{"line":62,"column":4},"end":{"line":62,"column":11}},"loc":{"start":{"line":62,"column":11},"end":{"line":62,"column":null}},"line":62},"14":{"name":"(anonymous_14)","decl":{"start":{"line":63,"column":4},"end":{"line":63,"column":12}},"loc":{"start":{"line":63,"column":12},"end":{"line":63,"column":null}},"line":63},"15":{"name":"(anonymous_15)","decl":{"start":{"line":67,"column":4},"end":{"line":67,"column":12}},"loc":{"start":{"line":67,"column":21},"end":{"line":67,"column":null}},"line":67},"16":{"name":"(anonymous_16)","decl":{"start":{"line":68,"column":4},"end":{"line":68,"column":19}},"loc":{"start":{"line":68,"column":19},"end":{"line":68,"column":null}},"line":68},"17":{"name":"(anonymous_17)","decl":{"start":{"line":69,"column":4},"end":{"line":69,"column":21}},"loc":{"start":{"line":69,"column":29},"end":{"line":69,"column":null}},"line":69},"18":{"name":"(anonymous_18)","decl":{"start":{"line":75,"column":4},"end":{"line":75,"column":16}},"loc":{"start":{"line":75,"column":26},"end":{"line":75,"column":null}},"line":75},"19":{"name":"(anonymous_19)","decl":{"start":{"line":79,"column":26},"end":{"line":79,"column":32}},"loc":{"start":{"line":79,"column":32},"end":{"line":79,"column":61}},"line":79},"20":{"name":"(anonymous_20)","decl":{"start":{"line":81,"column":29},"end":{"line":81,"column":35}},"loc":{"start":{"line":81,"column":35},"end":{"line":81,"column":64}},"line":81},"21":{"name":"(anonymous_21)","decl":{"start":{"line":83,"column":29},"end":{"line":83,"column":30}},"loc":{"start":{"line":83,"column":45},"end":{"line":83,"column":47}},"line":83},"22":{"name":"(anonymous_22)","decl":{"start":{"line":89,"column":4},"end":{"line":89,"column":16}},"loc":{"start":{"line":89,"column":34},"end":{"line":89,"column":null}},"line":89},"23":{"name":"(anonymous_23)","decl":{"start":{"line":90,"column":4},"end":{"line":90,"column":12}},"loc":{"start":{"line":90,"column":26},"end":{"line":90,"column":null}},"line":90},"24":{"name":"(anonymous_24)","decl":{"start":{"line":91,"column":4},"end":{"line":91,"column":12}},"loc":{"start":{"line":91,"column":26},"end":{"line":91,"column":null}},"line":91},"25":{"name":"(anonymous_25)","decl":{"start":{"line":92,"column":4},"end":{"line":92,"column":17}},"loc":{"start":{"line":92,"column":17},"end":{"line":92,"column":null}},"line":92},"26":{"name":"(anonymous_26)","decl":{"start":{"line":93,"column":4},"end":{"line":93,"column":12}},"loc":{"start":{"line":93,"column":21},"end":{"line":93,"column":null}},"line":93},"27":{"name":"(anonymous_27)","decl":{"start":{"line":94,"column":4},"end":{"line":94,"column":14}},"loc":{"start":{"line":94,"column":23},"end":{"line":94,"column":null}},"line":94},"28":{"name":"(anonymous_28)","decl":{"start":{"line":95,"column":4},"end":{"line":95,"column":16}},"loc":{"start":{"line":95,"column":25},"end":{"line":95,"column":null}},"line":95},"29":{"name":"(anonymous_29)","decl":{"start":{"line":96,"column":4},"end":{"line":96,"column":14}},"loc":{"start":{"line":96,"column":23},"end":{"line":96,"column":null}},"line":96},"30":{"name":"(anonymous_30)","decl":{"start":{"line":102,"column":4},"end":{"line":102,"column":16}},"loc":{"start":{"line":102,"column":39},"end":{"line":102,"column":null}},"line":102},"31":{"name":"(anonymous_31)","decl":{"start":{"line":103,"column":4},"end":{"line":103,"column":14}},"loc":{"start":{"line":103,"column":14},"end":{"line":103,"column":null}},"line":103},"32":{"name":"(anonymous_32)","decl":{"start":{"line":104,"column":4},"end":{"line":104,"column":11}},"loc":{"start":{"line":104,"column":11},"end":{"line":104,"column":null}},"line":104},"33":{"name":"normalizePath","decl":{"start":{"line":107,"column":16},"end":{"line":107,"column":30}},"loc":{"start":{"line":107,"column":52},"end":{"line":109,"column":null}},"line":107}},"branchMap":{},"s":{"0":29,"1":29,"2":29,"3":0,"4":29,"5":29,"6":29,"7":29,"8":10,"9":10,"10":10,"11":29,"12":29,"13":29,"14":29,"15":0,"16":29,"17":0,"18":29,"19":0,"20":29,"21":29,"22":0,"23":29,"24":4,"25":4,"26":9,"27":9,"28":0,"29":0,"30":0,"31":0,"32":0,"33":0,"34":0,"35":0,"36":0,"37":0,"38":0,"39":0,"40":0,"41":0,"42":0,"43":0,"44":0,"45":0,"46":0,"47":0,"48":0,"49":0,"50":0,"51":0,"52":0,"53":0,"54":0,"55":19},"f":{"0":29,"1":0,"2":29,"3":10,"4":0,"5":0,"6":29,"7":0,"8":0,"9":4,"10":9,"11":0,"12":0,"13":0,"14":0,"15":0,"16":0,"17":0,"18":0,"19":0,"20":0,"21":0,"22":0,"23":0,"24":0,"25":0,"26":0,"27":0,"28":0,"29":0,"30":0,"31":0,"32":0,"33":19},"b":{},"meta":{"lastBranch":0,"lastFunction":34,"lastStatement":56,"seen":{"f:8:7:8:13":0,"s:9:4:9:Infinity":0,"s:10:4:10:Infinity":1,"s:11:4:11:Infinity":2,"f:11:33:11:39":1,"s:11:39:11:43":3,"s:12:4:15:Infinity":4,"f:18:7:18:13":2,"s:19:4:19:Infinity":5,"s:20:4:20:Infinity":6,"s:21:4:25:Infinity":7,"f:21:20:21:27":3,"s:22:24:22:Infinity":8,"s:23:27:23:Infinity":9,"s:24:8:24:Infinity":10,"s:26:4:26:Infinity":11,"s:27:4:27:Infinity":12,"s:28:4:28:Infinity":13,"s:29:4:29:Infinity":14,"f:29:21:29:27":4,"s:29:27:29:29":15,"s:30:4:30:Infinity":16,"f:30:30:30:36":5,"s:30:36:30:38":17,"f:34:7:34:13":6,"s:35:4:35:Infinity":18,"f:35:28:35:34":7,"s:35:34:35:36":19,"s:36:4:36:Infinity":20,"s:37:4:39:Infinity":21,"f:37:20:37:27":8,"s:37:27:39:6":22,"s:40:4:40:Infinity":23,"f:44:4:44:23":9,"s:44:23:44:47":24,"s:44:47:44:65":25,"f:47:7:47:13":10,"s:48:4:48:Infinity":26,"s:49:4:49:Infinity":27,"f:52:7:52:13":11,"s:53:4:53:Infinity":28,"f:61:4:61:16":12,"s:59:4:59:Infinity":29,"s:60:4:60:Infinity":30,"s:61:28:61:44":31,"f:62:4:62:11":13,"f:63:4:63:12":14,"f:67:4:67:12":15,"s:67:23:67:36":32,"f:68:4:68:19":16,"s:68:21:68:34":33,"f:69:4:69:21":17,"f:75:4:75:16":18,"s:76:4:76:Infinity":34,"s:77:4:77:Infinity":35,"s:78:4:78:Infinity":36,"s:79:4:79:Infinity":37,"f:79:26:79:32":19,"s:79:32:79:61":38,"s:80:4:80:Infinity":39,"s:81:4:81:Infinity":40,"f:81:29:81:35":20,"s:81:35:81:64":41,"s:82:4:82:Infinity":42,"s:83:4:83:Infinity":43,"f:83:29:83:30":21,"s:83:45:83:47":44,"s:75:28:75:44":45,"f:89:4:89:16":22,"s:88:4:88:Infinity":46,"f:90:4:90:12":23,"s:90:28:90:41":47,"f:91:4:91:12":24,"s:91:28:91:41":48,"f:92:4:92:17":25,"s:92:19:92:32":49,"f:93:4:93:12":26,"s:93:23:93:36":50,"f:94:4:94:14":27,"s:94:25:94:38":51,"f:95:4:95:16":28,"s:95:27:95:40":52,"f:96:4:96:14":29,"s:96:25:96:38":53,"f:102:4:102:16":30,"s:102:41:102:57":54,"f:103:4:103:14":31,"f:104:4:104:11":32,"f:107:16:107:30":33,"s:108:4:108:Infinity":55}}}
,"C:\\Users\\bwales\\projects\\obsidian-plugins\\switchboard\\test\\__mocks__\\plugin.ts": {"path":"C:\\Users\\bwales\\projects\\obsidian-plugins\\switchboard\\test\\__mocks__\\plugin.ts","statementMap":{"0":{"start":{"line":10,"column":4},"end":{"line":58,"column":null}},"1":{"start":{"line":15,"column":35},"end":{"line":15,"column":39}},"2":{"start":{"line":25,"column":34},"end":{"line":25,"column":39}},"3":{"start":{"line":29,"column":36},"end":{"line":29,"column":40}},"4":{"start":{"line":30,"column":44},"end":{"line":30,"column":45}}},"fnMap":{"0":{"name":"createMockPlugin","decl":{"start":{"line":9,"column":16},"end":{"line":9,"column":33}},"loc":{"start":{"line":9,"column":70},"end":{"line":59,"column":null}},"line":9},"1":{"name":"(anonymous_1)","decl":{"start":{"line":15,"column":29},"end":{"line":15,"column":35}},"loc":{"start":{"line":15,"column":35},"end":{"line":15,"column":39}},"line":15},"2":{"name":"(anonymous_2)","decl":{"start":{"line":25,"column":28},"end":{"line":25,"column":34}},"loc":{"start":{"line":25,"column":34},"end":{"line":25,"column":39}},"line":25},"3":{"name":"(anonymous_3)","decl":{"start":{"line":29,"column":30},"end":{"line":29,"column":36}},"loc":{"start":{"line":29,"column":36},"end":{"line":29,"column":40}},"line":29},"4":{"name":"(anonymous_4)","decl":{"start":{"line":30,"column":38},"end":{"line":30,"column":44}},"loc":{"start":{"line":30,"column":44},"end":{"line":30,"column":45}},"line":30}},"branchMap":{"0":{"loc":{"start":{"line":9,"column":33},"end":{"line":9,"column":70}},"type":"default-arg","locations":[{"start":{"line":9,"column":66},"end":{"line":9,"column":70}}],"line":9}},"s":{"0":21,"1":0,"2":0,"3":0,"4":0},"f":{"0":21,"1":0,"2":0,"3":0,"4":0},"b":{"0":[21]},"meta":{"lastBranch":1,"lastFunction":5,"lastStatement":5,"seen":{"f:9:16:9:33":0,"b:9:66:9:70":0,"s:10:4:58:Infinity":0,"f:15:29:15:35":1,"s:15:35:15:39":1,"f:25:28:25:34":2,"s:25:34:25:39":2,"f:29:30:29:36":3,"s:29:36:29:40":3,"f:30:38:30:44":4,"s:30:44:30:45":4}}}
}
